[0.127s] Invoking command in '/home/hayashi/map_ros/build/map_service': CMAKE_PREFIX_PATH=/opt/ros/foxy /usr/bin/cmake /home/hayashi/map_ros/src/map_service -DCMAKE_INSTALL_PREFIX=/home/hayashi/map_ros/install/map_service
[0.373s] -- The C compiler identification is GNU 9.4.0
[0.500s] -- The CXX compiler identification is GNU 9.4.0
[0.510s] -- Check for working C compiler: /usr/bin/cc
[0.570s] -- Check for working C compiler: /usr/bin/cc -- works
[0.571s] -- Detecting C compiler ABI info
[0.626s] -- Detecting C compiler ABI info - done
[0.637s] -- Detecting C compile features
[0.638s] -- Detecting C compile features - done
[0.641s] -- Check for working CXX compiler: /usr/bin/c++
[0.703s] -- Check for working CXX compiler: /usr/bin/c++ -- works
[0.704s] -- Detecting CXX compiler ABI info
[0.767s] -- Detecting CXX compiler ABI info - done
[0.778s] -- Detecting CXX compile features
[0.779s] -- Detecting CXX compile features - done
[0.787s] -- Found ament_cmake: 0.9.12 (/opt/ros/foxy/share/ament_cmake/cmake)
[0.810s] -- Found PythonInterp: /usr/bin/python3 (found suitable version "3.8.10", minimum required is "3") 
[0.810s] -- Using PYTHON_EXECUTABLE: /usr/bin/python3
[0.996s] -- Found geometry_msgs: 2.0.5 (/opt/ros/foxy/share/geometry_msgs/cmake)
[1.032s] -- Using all available rosidl_typesupport_c: rosidl_typesupport_fastrtps_c;rosidl_typesupport_introspection_c
[1.041s] -- Found rosidl_adapter: 1.3.1 (/opt/ros/foxy/share/rosidl_adapter/cmake)
[1.211s] -- Found OpenSSL: /usr/lib/x86_64-linux-gnu/libcrypto.so (found version "1.1.1f")  
[1.255s] -- Found FastRTPS: /opt/ros/foxy/include  
[1.327s] -- Using all available rosidl_typesupport_cpp: rosidl_typesupport_fastrtps_cpp;rosidl_typesupport_introspection_cpp
[1.412s] -- Found rosidl_default_generators: 1.0.1 (/opt/ros/foxy/share/rosidl_default_generators/cmake)
[1.438s] -- Found PythonInterp: /usr/bin/python3 (found version "3.8.10") 
[1.573s] -- Found ament_cmake_ros: 0.9.2 (/opt/ros/foxy/share/ament_cmake_ros/cmake)
[1.793s] -- Using all available rosidl_typesupport_c: rosidl_typesupport_fastrtps_c;rosidl_typesupport_introspection_c
[1.882s] -- Using all available rosidl_typesupport_cpp: rosidl_typesupport_fastrtps_cpp;rosidl_typesupport_introspection_cpp
[1.900s] -- Found PythonInterp: /usr/bin/python3 (found suitable version "3.8.10", minimum required is "3.5") 
[1.902s] -- Found python_cmake_module: 0.8.1 (/opt/ros/foxy/share/python_cmake_module/cmake)
[1.924s] -- Found PythonLibs: /usr/lib/x86_64-linux-gnu/libpython3.8.so (found suitable version "3.8.10", minimum required is "3.5") 
[1.924s] -- Using PYTHON_EXECUTABLE: /usr/bin/python3
[1.924s] -- Using PYTHON_INCLUDE_DIRS: /usr/include/python3.8
[1.924s] -- Using PYTHON_LIBRARIES: /usr/lib/x86_64-linux-gnu/libpython3.8.so
[1.940s] -- Found PythonExtra: .so  
[2.004s] -- Found ament_lint_auto: 0.9.8 (/opt/ros/foxy/share/ament_lint_auto/cmake)
[2.035s] -- Added test 'copyright' to check source files copyright and LICENSE
[2.037s] -- Added test 'lint_cmake' to check CMake code style
[2.038s] -- Added test 'xmllint' to check XML markup files
[2.042s] -- Configuring done
[2.091s] -- Generating done
[2.093s] -- Build files have been written to: /home/hayashi/map_ros/build/map_service
[2.100s] Invoked command in '/home/hayashi/map_ros/build/map_service' returned '0': CMAKE_PREFIX_PATH=/opt/ros/foxy /usr/bin/cmake /home/hayashi/map_ros/src/map_service -DCMAKE_INSTALL_PREFIX=/home/hayashi/map_ros/install/map_service
[2.101s] Invoking command in '/home/hayashi/map_ros/build/map_service': CMAKE_PREFIX_PATH=/opt/ros/foxy /usr/bin/cmake --build /home/hayashi/map_ros/build/map_service -- -j12 -l12
[2.128s] [35m[1mScanning dependencies of target map_service__cpp[0m
[2.129s] [  3%] [34m[1mGenerating C code for ROS interfaces[0m
[2.136s] [  6%] [34m[1mGenerating C++ code for ROS interfaces[0m
[2.330s] [  6%] Built target map_service__cpp
[2.337s] [35m[1mScanning dependencies of target map_service__rosidl_generator_c[0m
[2.338s] [ 16%] [34m[1mGenerating C++ type support for eProsima Fast-RTPS[0m
[2.338s] [ 16%] [34m[1mGenerating C++ type support dispatch for ROS interfaces[0m
[2.338s] [ 16%] [34m[1mGenerating C++ introspection for ROS interfaces[0m
[2.350s] [ 19%] [32mBuilding C object CMakeFiles/map_service__rosidl_generator_c.dir/rosidl_generator_c/map_service/srv/detail/point_request__functions.c.o[0m
[2.415s] [ 22%] [32m[1mLinking C shared library libmap_service__rosidl_generator_c.so[0m
[2.453s] [ 22%] Built target map_service__rosidl_generator_c
[2.461s] [ 29%] [34m[1mGenerating C introspection for ROS interfaces[0m
[2.461s] [ 29%] [34m[1mGenerating C type support dispatch for ROS interfaces[0m
[2.505s] [35m[1mScanning dependencies of target map_service__rosidl_typesupport_cpp[0m
[2.521s] [ 32%] [32mBuilding CXX object CMakeFiles/map_service__rosidl_typesupport_cpp.dir/rosidl_typesupport_cpp/map_service/srv/point_request__type_support.cpp.o[0m
[2.523s] [35m[1mScanning dependencies of target map_service__rosidl_typesupport_introspection_cpp[0m
[2.534s] [35m[1mScanning dependencies of target map_service__rosidl_typesupport_fastrtps_cpp[0m
[2.535s] [ 35%] [32mBuilding CXX object CMakeFiles/map_service__rosidl_typesupport_introspection_cpp.dir/rosidl_typesupport_introspection_cpp/map_service/srv/detail/point_request__type_support.cpp.o[0m
[2.557s] [ 38%] [32mBuilding CXX object CMakeFiles/map_service__rosidl_typesupport_fastrtps_cpp.dir/rosidl_typesupport_fastrtps_cpp/map_service/srv/detail/dds_fastrtps/point_request__type_support.cpp.o[0m
[2.631s] [35m[1mScanning dependencies of target map_service__rosidl_typesupport_c[0m
[2.642s] [ 41%] [32mBuilding CXX object CMakeFiles/map_service__rosidl_typesupport_c.dir/rosidl_typesupport_c/map_service/srv/point_request__type_support.cpp.o[0m
[2.653s] [35m[1mScanning dependencies of target map_service__rosidl_typesupport_introspection_c[0m
[2.663s] [ 45%] [32mBuilding C object CMakeFiles/map_service__rosidl_typesupport_introspection_c.dir/rosidl_typesupport_introspection_c/map_service/srv/detail/point_request__type_support.c.o[0m
[2.667s] [ 48%] [32m[1mLinking CXX shared library libmap_service__rosidl_typesupport_c.so[0m
[2.690s] [ 51%] [32m[1mLinking C shared library libmap_service__rosidl_typesupport_introspection_c.so[0m
[2.698s] [ 51%] Built target map_service__rosidl_typesupport_c
[2.713s] [ 51%] Built target map_service__rosidl_typesupport_introspection_c
[2.810s] [ 54%] [32m[1mLinking CXX shared library libmap_service__rosidl_typesupport_cpp.so[0m
[2.841s] [ 54%] Built target map_service__rosidl_typesupport_cpp
[2.856s] [ 58%] [32m[1mLinking CXX shared library libmap_service__rosidl_typesupport_introspection_cpp.so[0m
[2.907s] [ 58%] Built target map_service__rosidl_typesupport_introspection_cpp
[2.929s] [ 61%] [32m[1mLinking CXX shared library libmap_service__rosidl_typesupport_fastrtps_cpp.so[0m
[3.016s] [ 61%] Built target map_service__rosidl_typesupport_fastrtps_cpp
[3.024s] [ 64%] [34m[1mGenerating C type support for eProsima Fast-RTPS[0m
[3.207s] [35m[1mScanning dependencies of target map_service__rosidl_typesupport_fastrtps_c[0m
[3.220s] [ 67%] [32mBuilding CXX object CMakeFiles/map_service__rosidl_typesupport_fastrtps_c.dir/rosidl_typesupport_fastrtps_c/map_service/srv/detail/point_request__type_support_c.cpp.o[0m
[3.489s] [ 70%] [32m[1mLinking CXX shared library libmap_service__rosidl_typesupport_fastrtps_c.so[0m
[3.549s] [ 70%] Built target map_service__rosidl_typesupport_fastrtps_c
[3.555s] [35m[1mScanning dependencies of target map_service[0m
[3.562s] [ 70%] Built target map_service
[3.569s] [35m[1mScanning dependencies of target map_service__py[0m
[3.576s] [ 74%] [34m[1mGenerating Python code for ROS interfaces[0m
[4.016s] [ 74%] Built target map_service__py
[4.022s] [35m[1mScanning dependencies of target map_service__python[0m
[4.089s] [ 77%] [32mBuilding C object CMakeFiles/map_service__python.dir/rosidl_generator_py/map_service/srv/_point_request_s.c.o[0m
[4.180s] [ 80%] [32m[1mLinking C shared library rosidl_generator_py/map_service/libmap_service__python.so[0m
[4.212s] [ 80%] Built target map_service__python
[4.219s] [35m[1mScanning dependencies of target map_service__rosidl_typesupport_introspection_c__pyext[0m
[4.219s] [35m[1mScanning dependencies of target map_service__rosidl_typesupport_c__pyext[0m
[4.219s] [35m[1mScanning dependencies of target map_service__rosidl_typesupport_fastrtps_c__pyext[0m
[4.231s] [ 87%] [32mBuilding C object CMakeFiles/map_service__rosidl_typesupport_introspection_c__pyext.dir/rosidl_generator_py/map_service/_map_service_s.ep.rosidl_typesupport_introspection_c.c.o[0m
[4.232s] [ 87%] [32mBuilding C object CMakeFiles/map_service__rosidl_typesupport_c__pyext.dir/rosidl_generator_py/map_service/_map_service_s.ep.rosidl_typesupport_c.c.o[0m
[4.232s] [ 90%] [32mBuilding C object CMakeFiles/map_service__rosidl_typesupport_fastrtps_c__pyext.dir/rosidl_generator_py/map_service/_map_service_s.ep.rosidl_typesupport_fastrtps_c.c.o[0m
[4.293s] [100%] [32m[1mLinking CXX shared library rosidl_generator_py/map_service/map_service_s__rosidl_typesupport_fastrtps_c.cpython-38-x86_64-linux-gnu.so[0m
[4.293s] [100%] [32m[1mLinking C shared library rosidl_generator_py/map_service/map_service_s__rosidl_typesupport_introspection_c.cpython-38-x86_64-linux-gnu.so[0m
[4.293s] [100%] [32m[1mLinking C shared library rosidl_generator_py/map_service/map_service_s__rosidl_typesupport_c.cpython-38-x86_64-linux-gnu.so[0m
[4.322s] [100%] Built target map_service__rosidl_typesupport_introspection_c__pyext
[4.322s] [100%] Built target map_service__rosidl_typesupport_c__pyext
[4.344s] [100%] Built target map_service__rosidl_typesupport_fastrtps_c__pyext
[4.352s] Invoked command in '/home/hayashi/map_ros/build/map_service' returned '0': CMAKE_PREFIX_PATH=/opt/ros/foxy /usr/bin/cmake --build /home/hayashi/map_ros/build/map_service -- -j12 -l12
[4.390s] Invoking command in '/home/hayashi/map_ros/build/map_service': CMAKE_PREFIX_PATH=/opt/ros/foxy /usr/bin/cmake --install /home/hayashi/map_ros/build/map_service
[4.396s] -- Install configuration: ""
[4.397s] -- Installing: /home/hayashi/map_ros/install/map_service/share/ament_index/resource_index/rosidl_interfaces/map_service
[4.397s] -- Installing: /home/hayashi/map_ros/install/map_service/include/map_service
[4.397s] -- Installing: /home/hayashi/map_ros/install/map_service/include/map_service/srv
[4.397s] -- Installing: /home/hayashi/map_ros/install/map_service/include/map_service/srv/detail
[4.397s] -- Installing: /home/hayashi/map_ros/install/map_service/include/map_service/srv/detail/point_request__struct.h
[4.397s] -- Installing: /home/hayashi/map_ros/install/map_service/include/map_service/srv/detail/point_request__functions.c
[4.397s] -- Installing: /home/hayashi/map_ros/install/map_service/include/map_service/srv/detail/point_request__functions.h
[4.397s] -- Installing: /home/hayashi/map_ros/install/map_service/include/map_service/srv/detail/point_request__type_support.h
[4.397s] -- Installing: /home/hayashi/map_ros/install/map_service/include/map_service/srv/point_request.h
[4.397s] -- Installing: /home/hayashi/map_ros/install/map_service/include/map_service/msg
[4.397s] -- Installing: /home/hayashi/map_ros/install/map_service/include/map_service/msg/rosidl_generator_c__visibility_control.h
[4.397s] -- Installing: /home/hayashi/map_ros/install/map_service/share/map_service/environment/library_path.sh
[4.397s] -- Installing: /home/hayashi/map_ros/install/map_service/share/map_service/environment/library_path.dsv
[4.397s] -- Installing: /home/hayashi/map_ros/install/map_service/lib/libmap_service__rosidl_generator_c.so
[4.397s] -- Set runtime path of "/home/hayashi/map_ros/install/map_service/lib/libmap_service__rosidl_generator_c.so" to ""
[4.398s] -- Up-to-date: /home/hayashi/map_ros/install/map_service/include/map_service
[4.398s] -- Up-to-date: /home/hayashi/map_ros/install/map_service/include/map_service/srv
[4.398s] -- Up-to-date: /home/hayashi/map_ros/install/map_service/include/map_service/srv/detail
[4.398s] -- Installing: /home/hayashi/map_ros/install/map_service/include/map_service/srv/detail/point_request__rosidl_typesupport_fastrtps_c.h
[4.398s] -- Up-to-date: /home/hayashi/map_ros/install/map_service/include/map_service/msg
[4.398s] -- Installing: /home/hayashi/map_ros/install/map_service/include/map_service/msg/rosidl_typesupport_fastrtps_c__visibility_control.h
[4.398s] -- Installing: /home/hayashi/map_ros/install/map_service/lib/libmap_service__rosidl_typesupport_fastrtps_c.so
[4.398s] -- Set runtime path of "/home/hayashi/map_ros/install/map_service/lib/libmap_service__rosidl_typesupport_fastrtps_c.so" to ""
[4.398s] -- Up-to-date: /home/hayashi/map_ros/install/map_service/include/map_service
[4.398s] -- Up-to-date: /home/hayashi/map_ros/install/map_service/include/map_service/srv
[4.398s] -- Up-to-date: /home/hayashi/map_ros/install/map_service/include/map_service/srv/detail
[4.398s] -- Installing: /home/hayashi/map_ros/install/map_service/include/map_service/srv/detail/point_request__rosidl_typesupport_fastrtps_cpp.hpp
[4.398s] -- Installing: /home/hayashi/map_ros/install/map_service/include/map_service/srv/detail/dds_fastrtps
[4.398s] -- Up-to-date: /home/hayashi/map_ros/install/map_service/include/map_service/msg
[4.398s] -- Installing: /home/hayashi/map_ros/install/map_service/include/map_service/msg/rosidl_typesupport_fastrtps_cpp__visibility_control.h
[4.399s] -- Installing: /home/hayashi/map_ros/install/map_service/lib/libmap_service__rosidl_typesupport_fastrtps_cpp.so
[4.399s] -- Set runtime path of "/home/hayashi/map_ros/install/map_service/lib/libmap_service__rosidl_typesupport_fastrtps_cpp.so" to ""
[4.399s] -- Up-to-date: /home/hayashi/map_ros/install/map_service/include/map_service
[4.399s] -- Up-to-date: /home/hayashi/map_ros/install/map_service/include/map_service/srv
[4.399s] -- Up-to-date: /home/hayashi/map_ros/install/map_service/include/map_service/srv/detail
[4.399s] -- Installing: /home/hayashi/map_ros/install/map_service/include/map_service/srv/detail/point_request__rosidl_typesupport_introspection_c.h
[4.399s] -- Installing: /home/hayashi/map_ros/install/map_service/include/map_service/srv/detail/point_request__type_support.c
[4.399s] -- Up-to-date: /home/hayashi/map_ros/install/map_service/include/map_service/msg
[4.399s] -- Installing: /home/hayashi/map_ros/install/map_service/include/map_service/msg/rosidl_typesupport_introspection_c__visibility_control.h
[4.399s] -- Installing: /home/hayashi/map_ros/install/map_service/lib/libmap_service__rosidl_typesupport_introspection_c.so
[4.399s] -- Set runtime path of "/home/hayashi/map_ros/install/map_service/lib/libmap_service__rosidl_typesupport_introspection_c.so" to ""
[4.399s] -- Installing: /home/hayashi/map_ros/install/map_service/lib/libmap_service__rosidl_typesupport_c.so
[4.399s] -- Set runtime path of "/home/hayashi/map_ros/install/map_service/lib/libmap_service__rosidl_typesupport_c.so" to ""
[4.399s] -- Up-to-date: /home/hayashi/map_ros/install/map_service/include/map_service
[4.400s] -- Up-to-date: /home/hayashi/map_ros/install/map_service/include/map_service/srv
[4.400s] -- Installing: /home/hayashi/map_ros/install/map_service/include/map_service/srv/point_request.hpp
[4.400s] -- Up-to-date: /home/hayashi/map_ros/install/map_service/include/map_service/srv/detail
[4.400s] -- Installing: /home/hayashi/map_ros/install/map_service/include/map_service/srv/detail/point_request__type_support.hpp
[4.400s] -- Installing: /home/hayashi/map_ros/install/map_service/include/map_service/srv/detail/point_request__builder.hpp
[4.400s] -- Installing: /home/hayashi/map_ros/install/map_service/include/map_service/srv/detail/point_request__struct.hpp
[4.400s] -- Installing: /home/hayashi/map_ros/install/map_service/include/map_service/srv/detail/point_request__traits.hpp
[4.400s] -- Up-to-date: /home/hayashi/map_ros/install/map_service/include/map_service/msg
[4.400s] -- Installing: /home/hayashi/map_ros/install/map_service/include/map_service/msg/rosidl_generator_cpp__visibility_control.hpp
[4.400s] -- Up-to-date: /home/hayashi/map_ros/install/map_service/include/map_service
[4.400s] -- Up-to-date: /home/hayashi/map_ros/install/map_service/include/map_service/srv
[4.400s] -- Up-to-date: /home/hayashi/map_ros/install/map_service/include/map_service/srv/detail
[4.400s] -- Installing: /home/hayashi/map_ros/install/map_service/include/map_service/srv/detail/point_request__type_support.cpp
[4.400s] -- Installing: /home/hayashi/map_ros/install/map_service/include/map_service/srv/detail/point_request__rosidl_typesupport_introspection_cpp.hpp
[4.400s] -- Installing: /home/hayashi/map_ros/install/map_service/lib/libmap_service__rosidl_typesupport_introspection_cpp.so
[4.400s] -- Set runtime path of "/home/hayashi/map_ros/install/map_service/lib/libmap_service__rosidl_typesupport_introspection_cpp.so" to ""
[4.400s] -- Installing: /home/hayashi/map_ros/install/map_service/lib/libmap_service__rosidl_typesupport_cpp.so
[4.401s] -- Set runtime path of "/home/hayashi/map_ros/install/map_service/lib/libmap_service__rosidl_typesupport_cpp.so" to ""
[4.401s] -- Installing: /home/hayashi/map_ros/install/map_service/share/map_service/environment/pythonpath.sh
[4.401s] -- Installing: /home/hayashi/map_ros/install/map_service/share/map_service/environment/pythonpath.dsv
[4.401s] -- Installing: /home/hayashi/map_ros/install/map_service/lib/python3.8/site-packages/map_service/__init__.py
[4.424s] Compiling '/home/hayashi/map_ros/install/map_service/lib/python3.8/site-packages/map_service/__init__.py'...
[4.426s] -- Installing: /home/hayashi/map_ros/install/map_service/lib/python3.8/site-packages/map_service/srv
[4.427s] -- Installing: /home/hayashi/map_ros/install/map_service/lib/python3.8/site-packages/map_service/srv/__init__.py
[4.427s] -- Installing: /home/hayashi/map_ros/install/map_service/lib/python3.8/site-packages/map_service/srv/_point_request_s.c
[4.427s] -- Installing: /home/hayashi/map_ros/install/map_service/lib/python3.8/site-packages/map_service/srv/_point_request.py
[4.427s] -- Installing: /home/hayashi/map_ros/install/map_service/lib/python3.8/site-packages/map_service/map_service_s__rosidl_typesupport_fastrtps_c.cpython-38-x86_64-linux-gnu.so
[4.427s] -- Set runtime path of "/home/hayashi/map_ros/install/map_service/lib/python3.8/site-packages/map_service/map_service_s__rosidl_typesupport_fastrtps_c.cpython-38-x86_64-linux-gnu.so" to ""
[4.427s] -- Installing: /home/hayashi/map_ros/install/map_service/lib/python3.8/site-packages/map_service/map_service_s__rosidl_typesupport_introspection_c.cpython-38-x86_64-linux-gnu.so
[4.428s] -- Set runtime path of "/home/hayashi/map_ros/install/map_service/lib/python3.8/site-packages/map_service/map_service_s__rosidl_typesupport_introspection_c.cpython-38-x86_64-linux-gnu.so" to ""
[4.428s] -- Installing: /home/hayashi/map_ros/install/map_service/lib/python3.8/site-packages/map_service/map_service_s__rosidl_typesupport_c.cpython-38-x86_64-linux-gnu.so
[4.428s] -- Set runtime path of "/home/hayashi/map_ros/install/map_service/lib/python3.8/site-packages/map_service/map_service_s__rosidl_typesupport_c.cpython-38-x86_64-linux-gnu.so" to ""
[4.428s] -- Installing: /home/hayashi/map_ros/install/map_service/lib/libmap_service__python.so
[4.428s] -- Set runtime path of "/home/hayashi/map_ros/install/map_service/lib/libmap_service__python.so" to ""
[4.429s] -- Installing: /home/hayashi/map_ros/install/map_service/share/map_service/srv/PointRequest.idl
[4.429s] -- Installing: /home/hayashi/map_ros/install/map_service/share/map_service/srv/PointRequest.srv
[4.429s] -- Installing: /home/hayashi/map_ros/install/map_service/share/map_service/srv/PointRequest_Request.msg
[4.429s] -- Installing: /home/hayashi/map_ros/install/map_service/share/map_service/srv/PointRequest_Response.msg
[4.429s] -- Installing: /home/hayashi/map_ros/install/map_service/share/ament_index/resource_index/package_run_dependencies/map_service
[4.429s] -- Installing: /home/hayashi/map_ros/install/map_service/share/ament_index/resource_index/parent_prefix_path/map_service
[4.429s] -- Installing: /home/hayashi/map_ros/install/map_service/share/map_service/environment/ament_prefix_path.sh
[4.429s] -- Installing: /home/hayashi/map_ros/install/map_service/share/map_service/environment/ament_prefix_path.dsv
[4.429s] -- Installing: /home/hayashi/map_ros/install/map_service/share/map_service/environment/path.sh
[4.429s] -- Installing: /home/hayashi/map_ros/install/map_service/share/map_service/environment/path.dsv
[4.429s] -- Installing: /home/hayashi/map_ros/install/map_service/share/map_service/local_setup.bash
[4.429s] -- Installing: /home/hayashi/map_ros/install/map_service/share/map_service/local_setup.sh
[4.429s] -- Installing: /home/hayashi/map_ros/install/map_service/share/map_service/local_setup.zsh
[4.430s] -- Installing: /home/hayashi/map_ros/install/map_service/share/map_service/local_setup.dsv
[4.430s] -- Installing: /home/hayashi/map_ros/install/map_service/share/map_service/package.dsv
[4.430s] -- Installing: /home/hayashi/map_ros/install/map_service/share/ament_index/resource_index/packages/map_service
[4.430s] -- Installing: /home/hayashi/map_ros/install/map_service/share/map_service/cmake/map_service__rosidl_generator_cExport.cmake
[4.430s] -- Installing: /home/hayashi/map_ros/install/map_service/share/map_service/cmake/map_service__rosidl_generator_cExport-noconfig.cmake
[4.430s] -- Installing: /home/hayashi/map_ros/install/map_service/share/map_service/cmake/map_service__rosidl_typesupport_introspection_cExport.cmake
[4.430s] -- Installing: /home/hayashi/map_ros/install/map_service/share/map_service/cmake/map_service__rosidl_typesupport_introspection_cExport-noconfig.cmake
[4.430s] -- Installing: /home/hayashi/map_ros/install/map_service/share/map_service/cmake/map_service__rosidl_typesupport_cExport.cmake
[4.431s] -- Installing: /home/hayashi/map_ros/install/map_service/share/map_service/cmake/map_service__rosidl_typesupport_cExport-noconfig.cmake
[4.431s] -- Installing: /home/hayashi/map_ros/install/map_service/share/map_service/cmake/map_service__rosidl_generator_cppExport.cmake
[4.431s] -- Installing: /home/hayashi/map_ros/install/map_service/share/map_service/cmake/map_service__rosidl_typesupport_introspection_cppExport.cmake
[4.431s] -- Installing: /home/hayashi/map_ros/install/map_service/share/map_service/cmake/map_service__rosidl_typesupport_introspection_cppExport-noconfig.cmake
[4.431s] -- Installing: /home/hayashi/map_ros/install/map_service/share/map_service/cmake/map_service__rosidl_typesupport_cppExport.cmake
[4.431s] -- Installing: /home/hayashi/map_ros/install/map_service/share/map_service/cmake/map_service__rosidl_typesupport_cppExport-noconfig.cmake
[4.431s] -- Installing: /home/hayashi/map_ros/install/map_service/share/map_service/cmake/rosidl_cmake-extras.cmake
[4.431s] -- Installing: /home/hayashi/map_ros/install/map_service/share/map_service/cmake/ament_cmake_export_dependencies-extras.cmake
[4.431s] -- Installing: /home/hayashi/map_ros/install/map_service/share/map_service/cmake/ament_cmake_export_libraries-extras.cmake
[4.432s] -- Installing: /home/hayashi/map_ros/install/map_service/share/map_service/cmake/ament_cmake_export_targets-extras.cmake
[4.432s] -- Installing: /home/hayashi/map_ros/install/map_service/share/map_service/cmake/ament_cmake_export_include_directories-extras.cmake
[4.432s] -- Installing: /home/hayashi/map_ros/install/map_service/share/map_service/cmake/rosidl_cmake_export_typesupport_libraries-extras.cmake
[4.432s] -- Installing: /home/hayashi/map_ros/install/map_service/share/map_service/cmake/rosidl_cmake_export_typesupport_targets-extras.cmake
[4.432s] -- Installing: /home/hayashi/map_ros/install/map_service/share/map_service/cmake/map_serviceConfig.cmake
[4.432s] -- Installing: /home/hayashi/map_ros/install/map_service/share/map_service/cmake/map_serviceConfig-version.cmake
[4.432s] -- Installing: /home/hayashi/map_ros/install/map_service/share/map_service/package.xml
[4.434s] Invoked command in '/home/hayashi/map_ros/build/map_service' returned '0': CMAKE_PREFIX_PATH=/opt/ros/foxy /usr/bin/cmake --install /home/hayashi/map_ros/build/map_service
