[2.028s] DEBUG:colcon:Command line arguments: ['/usr/bin/colcon', 'list', '-p', '--base-paths', '/home/hayashi/map_ros']
[2.028s] DEBUG:colcon:Parsed command line arguments: Namespace(allow_overriding=[], base_paths=['/home/hayashi/map_ros'], build_base='build', ignore_user_meta=False, log_base=None, log_level=None, main=<bound method ListVerb.main of <colcon_package_information.verb.list.ListVerb object at 0x7f0208855b50>>, metas=['./colcon.meta'], names_only=False, packages_above=None, packages_above_and_dependencies=None, packages_above_depth=None, packages_end=None, packages_ignore=None, packages_ignore_regex=None, packages_select=None, packages_select_build_failed=False, packages_select_by_dep=None, packages_select_regex=None, packages_select_test_failures=False, packages_skip=None, packages_skip_build_finished=False, packages_skip_by_dep=None, packages_skip_regex=None, packages_skip_test_passed=False, packages_skip_up_to=None, packages_start=None, packages_up_to=None, packages_up_to_regex=None, paths=None, paths_only=True, topological_graph=False, topological_graph_density=False, topological_graph_dot=False, topological_graph_dot_cluster=False, topological_graph_dot_include_skipped=False, topological_graph_legend=False, topological_order=False, verb_extension=<colcon_package_information.verb.list.ListVerb object at 0x7f0208855b50>, verb_name='list', verb_parser=<colcon_defaults.argument_parser.defaults.DefaultArgumentsDecorator object at 0x7f020875bb80>)
[2.121s] Level 1:colcon.colcon_core.package_discovery:discover_packages(colcon_meta) check parameters
[2.121s] Level 1:colcon.colcon_core.package_discovery:discover_packages(recursive) check parameters
[2.121s] Level 1:colcon.colcon_core.package_discovery:discover_packages(ignore) check parameters
[2.121s] Level 1:colcon.colcon_core.package_discovery:discover_packages(path) check parameters
[2.122s] Level 1:colcon.colcon_core.package_discovery:discover_packages(recursive) discover
[2.122s] INFO:colcon.colcon_core.package_discovery:Crawling recursively for packages in '/home/hayashi/map_ros'
[2.122s] Level 1:colcon.colcon_core.package_identification:_identify(/home/hayashi/map_ros) by extensions ['ignore', 'ignore_ament_install']
[2.122s] Level 1:colcon.colcon_core.package_identification:_identify(/home/hayashi/map_ros) by extension 'ignore'
[2.122s] Level 1:colcon.colcon_core.package_identification:_identify(/home/hayashi/map_ros) by extension 'ignore_ament_install'
[2.122s] Level 1:colcon.colcon_core.package_identification:_identify(/home/hayashi/map_ros) by extensions ['colcon_pkg']
[2.122s] Level 1:colcon.colcon_core.package_identification:_identify(/home/hayashi/map_ros) by extension 'colcon_pkg'
[2.122s] Level 1:colcon.colcon_core.package_identification:_identify(/home/hayashi/map_ros) by extensions ['colcon_meta']
[2.122s] Level 1:colcon.colcon_core.package_identification:_identify(/home/hayashi/map_ros) by extension 'colcon_meta'
[2.122s] Level 1:colcon.colcon_core.package_identification:_identify(/home/hayashi/map_ros) by extensions ['ros']
[2.122s] Level 1:colcon.colcon_core.package_identification:_identify(/home/hayashi/map_ros) by extension 'ros'
[2.131s] Level 1:colcon.colcon_core.package_identification:_identify(/home/hayashi/map_ros) by extensions ['cmake', 'python']
[2.131s] Level 1:colcon.colcon_core.package_identification:_identify(/home/hayashi/map_ros) by extension 'cmake'
[2.131s] Level 1:colcon.colcon_core.package_identification:_identify(/home/hayashi/map_ros) by extension 'python'
[2.131s] Level 1:colcon.colcon_core.package_identification:_identify(/home/hayashi/map_ros) by extensions ['python_setup_py']
[2.131s] Level 1:colcon.colcon_core.package_identification:_identify(/home/hayashi/map_ros) by extension 'python_setup_py'
[2.131s] Level 1:colcon.colcon_core.package_identification:_identify(/home/hayashi/map_ros/build) by extensions ['ignore', 'ignore_ament_install']
[2.131s] Level 1:colcon.colcon_core.package_identification:_identify(/home/hayashi/map_ros/build) by extension 'ignore'
[2.131s] Level 1:colcon.colcon_core.package_identification:_identify(/home/hayashi/map_ros/build) ignored
[2.131s] Level 1:colcon.colcon_core.package_identification:_identify(/home/hayashi/map_ros/install) by extensions ['ignore', 'ignore_ament_install']
[2.131s] Level 1:colcon.colcon_core.package_identification:_identify(/home/hayashi/map_ros/install) by extension 'ignore'
[2.131s] Level 1:colcon.colcon_core.package_identification:_identify(/home/hayashi/map_ros/install) ignored
[2.131s] Level 1:colcon.colcon_core.package_identification:_identify(/home/hayashi/map_ros/log) by extensions ['ignore', 'ignore_ament_install']
[2.131s] Level 1:colcon.colcon_core.package_identification:_identify(/home/hayashi/map_ros/log) by extension 'ignore'
[2.132s] Level 1:colcon.colcon_core.package_identification:_identify(/home/hayashi/map_ros/log) ignored
[2.132s] Level 1:colcon.colcon_core.package_identification:_identify(/home/hayashi/map_ros/src) by extensions ['ignore', 'ignore_ament_install']
[2.132s] Level 1:colcon.colcon_core.package_identification:_identify(/home/hayashi/map_ros/src) by extension 'ignore'
[2.132s] Level 1:colcon.colcon_core.package_identification:_identify(/home/hayashi/map_ros/src) by extension 'ignore_ament_install'
[2.132s] Level 1:colcon.colcon_core.package_identification:_identify(/home/hayashi/map_ros/src) by extensions ['colcon_pkg']
[2.132s] Level 1:colcon.colcon_core.package_identification:_identify(/home/hayashi/map_ros/src) by extension 'colcon_pkg'
[2.132s] Level 1:colcon.colcon_core.package_identification:_identify(/home/hayashi/map_ros/src) by extensions ['colcon_meta']
[2.132s] Level 1:colcon.colcon_core.package_identification:_identify(/home/hayashi/map_ros/src) by extension 'colcon_meta'
[2.132s] Level 1:colcon.colcon_core.package_identification:_identify(/home/hayashi/map_ros/src) by extensions ['ros']
[2.132s] Level 1:colcon.colcon_core.package_identification:_identify(/home/hayashi/map_ros/src) by extension 'ros'
[2.132s] Level 1:colcon.colcon_core.package_identification:_identify(/home/hayashi/map_ros/src) by extensions ['cmake', 'python']
[2.132s] Level 1:colcon.colcon_core.package_identification:_identify(/home/hayashi/map_ros/src) by extension 'cmake'
[2.132s] Level 1:colcon.colcon_core.package_identification:_identify(/home/hayashi/map_ros/src) by extension 'python'
[2.132s] Level 1:colcon.colcon_core.package_identification:_identify(/home/hayashi/map_ros/src) by extensions ['python_setup_py']
[2.132s] Level 1:colcon.colcon_core.package_identification:_identify(/home/hayashi/map_ros/src) by extension 'python_setup_py'
[2.132s] Level 1:colcon.colcon_core.package_identification:_identify(/home/hayashi/map_ros/src/map_point) by extensions ['ignore', 'ignore_ament_install']
[2.132s] Level 1:colcon.colcon_core.package_identification:_identify(/home/hayashi/map_ros/src/map_point) by extension 'ignore'
[2.132s] Level 1:colcon.colcon_core.package_identification:_identify(/home/hayashi/map_ros/src/map_point) by extension 'ignore_ament_install'
[2.132s] Level 1:colcon.colcon_core.package_identification:_identify(/home/hayashi/map_ros/src/map_point) by extensions ['colcon_pkg']
[2.132s] Level 1:colcon.colcon_core.package_identification:_identify(/home/hayashi/map_ros/src/map_point) by extension 'colcon_pkg'
[2.133s] Level 1:colcon.colcon_core.package_identification:_identify(/home/hayashi/map_ros/src/map_point) by extensions ['colcon_meta']
[2.133s] Level 1:colcon.colcon_core.package_identification:_identify(/home/hayashi/map_ros/src/map_point) by extension 'colcon_meta'
[2.133s] Level 1:colcon.colcon_core.package_identification:_identify(/home/hayashi/map_ros/src/map_point) by extensions ['ros']
[2.133s] Level 1:colcon.colcon_core.package_identification:_identify(/home/hayashi/map_ros/src/map_point) by extension 'ros'
[2.135s] DEBUG:colcon.colcon_core.package_identification:Package '/home/hayashi/map_ros/src/map_point' with type 'ros.ament_python' and name 'map_point'
[2.135s] Level 1:colcon.colcon_core.package_identification:_identify(/home/hayashi/map_ros/src/map_service) by extensions ['ignore', 'ignore_ament_install']
[2.135s] Level 1:colcon.colcon_core.package_identification:_identify(/home/hayashi/map_ros/src/map_service) by extension 'ignore'
[2.135s] Level 1:colcon.colcon_core.package_identification:_identify(/home/hayashi/map_ros/src/map_service) by extension 'ignore_ament_install'
[2.135s] Level 1:colcon.colcon_core.package_identification:_identify(/home/hayashi/map_ros/src/map_service) by extensions ['colcon_pkg']
[2.135s] Level 1:colcon.colcon_core.package_identification:_identify(/home/hayashi/map_ros/src/map_service) by extension 'colcon_pkg'
[2.135s] Level 1:colcon.colcon_core.package_identification:_identify(/home/hayashi/map_ros/src/map_service) by extensions ['colcon_meta']
[2.135s] Level 1:colcon.colcon_core.package_identification:_identify(/home/hayashi/map_ros/src/map_service) by extension 'colcon_meta'
[2.135s] Level 1:colcon.colcon_core.package_identification:_identify(/home/hayashi/map_ros/src/map_service) by extensions ['ros']
[2.135s] Level 1:colcon.colcon_core.package_identification:_identify(/home/hayashi/map_ros/src/map_service) by extension 'ros'
[2.135s] DEBUG:colcon.colcon_core.package_identification:Package '/home/hayashi/map_ros/src/map_service' with type 'ros.ament_cmake' and name 'map_service'
[2.136s] Level 1:colcon.colcon_core.package_discovery:discover_packages(recursive) using defaults
