[  3%] Built target map_service__cpp
[ 12%] Built target map_service__rosidl_generator_c
[ 32%] Built target map_service__rosidl_typesupport_cpp
[ 32%] Built target map_service__rosidl_typesupport_c
[ 41%] Built target map_service__rosidl_typesupport_introspection_c
[ 51%] Built target map_service__rosidl_typesupport_introspection_cpp
[ 61%] Built target map_service__rosidl_typesupport_fastrtps_cpp
[ 70%] Built target map_service__rosidl_typesupport_fastrtps_c
[ 70%] Built target map_service
[ 74%] Built target map_service__py
[ 80%] Built target map_service__python
[ 93%] Built target map_service__rosidl_typesupport_c__pyext
[ 93%] Built target map_service__rosidl_typesupport_introspection_c__pyext
[100%] Built target map_service__rosidl_typesupport_fastrtps_c__pyext
-- Install configuration: ""
-- Up-to-date: /home/hayashi/map_ros/install/map_service/share/ament_index/resource_index/rosidl_interfaces/map_service
-- Up-to-date: /home/hayashi/map_ros/install/map_service/include/map_service
-- Up-to-date: /home/hayashi/map_ros/install/map_service/include/map_service/srv
-- Up-to-date: /home/hayashi/map_ros/install/map_service/include/map_service/srv/detail
-- Up-to-date: /home/hayashi/map_ros/install/map_service/include/map_service/srv/detail/point_request__struct.h
-- Up-to-date: /home/hayashi/map_ros/install/map_service/include/map_service/srv/detail/point_request__functions.c
-- Up-to-date: /home/hayashi/map_ros/install/map_service/include/map_service/srv/detail/point_request__functions.h
-- Up-to-date: /home/hayashi/map_ros/install/map_service/include/map_service/srv/detail/point_request__type_support.h
-- Up-to-date: /home/hayashi/map_ros/install/map_service/include/map_service/srv/point_request.h
-- Up-to-date: /home/hayashi/map_ros/install/map_service/include/map_service/msg
-- Up-to-date: /home/hayashi/map_ros/install/map_service/include/map_service/msg/rosidl_generator_c__visibility_control.h
-- Up-to-date: /home/hayashi/map_ros/install/map_service/share/map_service/environment/library_path.sh
-- Up-to-date: /home/hayashi/map_ros/install/map_service/share/map_service/environment/library_path.dsv
-- Up-to-date: /home/hayashi/map_ros/install/map_service/lib/libmap_service__rosidl_generator_c.so
-- Up-to-date: /home/hayashi/map_ros/install/map_service/include/map_service
-- Up-to-date: /home/hayashi/map_ros/install/map_service/include/map_service/srv
-- Up-to-date: /home/hayashi/map_ros/install/map_service/include/map_service/srv/detail
-- Up-to-date: /home/hayashi/map_ros/install/map_service/include/map_service/srv/detail/point_request__rosidl_typesupport_fastrtps_c.h
-- Up-to-date: /home/hayashi/map_ros/install/map_service/include/map_service/msg
-- Up-to-date: /home/hayashi/map_ros/install/map_service/include/map_service/msg/rosidl_typesupport_fastrtps_c__visibility_control.h
-- Up-to-date: /home/hayashi/map_ros/install/map_service/lib/libmap_service__rosidl_typesupport_fastrtps_c.so
-- Up-to-date: /home/hayashi/map_ros/install/map_service/include/map_service
-- Up-to-date: /home/hayashi/map_ros/install/map_service/include/map_service/srv
-- Up-to-date: /home/hayashi/map_ros/install/map_service/include/map_service/srv/detail
-- Up-to-date: /home/hayashi/map_ros/install/map_service/include/map_service/srv/detail/point_request__rosidl_typesupport_fastrtps_cpp.hpp
-- Up-to-date: /home/hayashi/map_ros/install/map_service/include/map_service/srv/detail/dds_fastrtps
-- Up-to-date: /home/hayashi/map_ros/install/map_service/include/map_service/msg
-- Up-to-date: /home/hayashi/map_ros/install/map_service/include/map_service/msg/rosidl_typesupport_fastrtps_cpp__visibility_control.h
-- Up-to-date: /home/hayashi/map_ros/install/map_service/lib/libmap_service__rosidl_typesupport_fastrtps_cpp.so
-- Up-to-date: /home/hayashi/map_ros/install/map_service/include/map_service
-- Up-to-date: /home/hayashi/map_ros/install/map_service/include/map_service/srv
-- Up-to-date: /home/hayashi/map_ros/install/map_service/include/map_service/srv/detail
-- Up-to-date: /home/hayashi/map_ros/install/map_service/include/map_service/srv/detail/point_request__rosidl_typesupport_introspection_c.h
-- Up-to-date: /home/hayashi/map_ros/install/map_service/include/map_service/srv/detail/point_request__type_support.c
-- Up-to-date: /home/hayashi/map_ros/install/map_service/include/map_service/msg
-- Up-to-date: /home/hayashi/map_ros/install/map_service/include/map_service/msg/rosidl_typesupport_introspection_c__visibility_control.h
-- Up-to-date: /home/hayashi/map_ros/install/map_service/lib/libmap_service__rosidl_typesupport_introspection_c.so
-- Up-to-date: /home/hayashi/map_ros/install/map_service/lib/libmap_service__rosidl_typesupport_c.so
-- Up-to-date: /home/hayashi/map_ros/install/map_service/include/map_service
-- Up-to-date: /home/hayashi/map_ros/install/map_service/include/map_service/srv
-- Up-to-date: /home/hayashi/map_ros/install/map_service/include/map_service/srv/point_request.hpp
-- Up-to-date: /home/hayashi/map_ros/install/map_service/include/map_service/srv/detail
-- Up-to-date: /home/hayashi/map_ros/install/map_service/include/map_service/srv/detail/point_request__type_support.hpp
-- Up-to-date: /home/hayashi/map_ros/install/map_service/include/map_service/srv/detail/point_request__builder.hpp
-- Up-to-date: /home/hayashi/map_ros/install/map_service/include/map_service/srv/detail/point_request__struct.hpp
-- Up-to-date: /home/hayashi/map_ros/install/map_service/include/map_service/srv/detail/point_request__traits.hpp
-- Up-to-date: /home/hayashi/map_ros/install/map_service/include/map_service/msg
-- Up-to-date: /home/hayashi/map_ros/install/map_service/include/map_service/msg/rosidl_generator_cpp__visibility_control.hpp
-- Up-to-date: /home/hayashi/map_ros/install/map_service/include/map_service
-- Up-to-date: /home/hayashi/map_ros/install/map_service/include/map_service/srv
-- Up-to-date: /home/hayashi/map_ros/install/map_service/include/map_service/srv/detail
-- Up-to-date: /home/hayashi/map_ros/install/map_service/include/map_service/srv/detail/point_request__type_support.cpp
-- Up-to-date: /home/hayashi/map_ros/install/map_service/include/map_service/srv/detail/point_request__rosidl_typesupport_introspection_cpp.hpp
-- Up-to-date: /home/hayashi/map_ros/install/map_service/lib/libmap_service__rosidl_typesupport_introspection_cpp.so
-- Up-to-date: /home/hayashi/map_ros/install/map_service/lib/libmap_service__rosidl_typesupport_cpp.so
-- Up-to-date: /home/hayashi/map_ros/install/map_service/share/map_service/environment/pythonpath.sh
-- Up-to-date: /home/hayashi/map_ros/install/map_service/share/map_service/environment/pythonpath.dsv
-- Up-to-date: /home/hayashi/map_ros/install/map_service/lib/python3.8/site-packages/map_service/__init__.py
-- Up-to-date: /home/hayashi/map_ros/install/map_service/lib/python3.8/site-packages/map_service/srv
-- Up-to-date: /home/hayashi/map_ros/install/map_service/lib/python3.8/site-packages/map_service/srv/__init__.py
-- Up-to-date: /home/hayashi/map_ros/install/map_service/lib/python3.8/site-packages/map_service/srv/_point_request_s.c
-- Up-to-date: /home/hayashi/map_ros/install/map_service/lib/python3.8/site-packages/map_service/srv/_point_request.py
-- Up-to-date: /home/hayashi/map_ros/install/map_service/lib/python3.8/site-packages/map_service/map_service_s__rosidl_typesupport_fastrtps_c.cpython-38-x86_64-linux-gnu.so
-- Up-to-date: /home/hayashi/map_ros/install/map_service/lib/python3.8/site-packages/map_service/map_service_s__rosidl_typesupport_introspection_c.cpython-38-x86_64-linux-gnu.so
-- Up-to-date: /home/hayashi/map_ros/install/map_service/lib/python3.8/site-packages/map_service/map_service_s__rosidl_typesupport_c.cpython-38-x86_64-linux-gnu.so
-- Up-to-date: /home/hayashi/map_ros/install/map_service/lib/libmap_service__python.so
-- Up-to-date: /home/hayashi/map_ros/install/map_service/share/map_service/srv/PointRequest.idl
-- Up-to-date: /home/hayashi/map_ros/install/map_service/share/map_service/srv/PointRequest.srv
-- Up-to-date: /home/hayashi/map_ros/install/map_service/share/map_service/srv/PointRequest_Request.msg
-- Up-to-date: /home/hayashi/map_ros/install/map_service/share/map_service/srv/PointRequest_Response.msg
-- Up-to-date: /home/hayashi/map_ros/install/map_service/share/ament_index/resource_index/package_run_dependencies/map_service
-- Up-to-date: /home/hayashi/map_ros/install/map_service/share/ament_index/resource_index/parent_prefix_path/map_service
-- Up-to-date: /home/hayashi/map_ros/install/map_service/share/map_service/environment/ament_prefix_path.sh
-- Up-to-date: /home/hayashi/map_ros/install/map_service/share/map_service/environment/ament_prefix_path.dsv
-- Up-to-date: /home/hayashi/map_ros/install/map_service/share/map_service/environment/path.sh
-- Up-to-date: /home/hayashi/map_ros/install/map_service/share/map_service/environment/path.dsv
-- Up-to-date: /home/hayashi/map_ros/install/map_service/share/map_service/local_setup.bash
-- Up-to-date: /home/hayashi/map_ros/install/map_service/share/map_service/local_setup.sh
-- Up-to-date: /home/hayashi/map_ros/install/map_service/share/map_service/local_setup.zsh
-- Up-to-date: /home/hayashi/map_ros/install/map_service/share/map_service/local_setup.dsv
-- Installing: /home/hayashi/map_ros/install/map_service/share/map_service/package.dsv
-- Up-to-date: /home/hayashi/map_ros/install/map_service/share/ament_index/resource_index/packages/map_service
-- Up-to-date: /home/hayashi/map_ros/install/map_service/share/map_service/cmake/map_service__rosidl_generator_cExport.cmake
-- Up-to-date: /home/hayashi/map_ros/install/map_service/share/map_service/cmake/map_service__rosidl_generator_cExport-noconfig.cmake
-- Up-to-date: /home/hayashi/map_ros/install/map_service/share/map_service/cmake/map_service__rosidl_typesupport_introspection_cExport.cmake
-- Up-to-date: /home/hayashi/map_ros/install/map_service/share/map_service/cmake/map_service__rosidl_typesupport_introspection_cExport-noconfig.cmake
-- Up-to-date: /home/hayashi/map_ros/install/map_service/share/map_service/cmake/map_service__rosidl_typesupport_cExport.cmake
-- Up-to-date: /home/hayashi/map_ros/install/map_service/share/map_service/cmake/map_service__rosidl_typesupport_cExport-noconfig.cmake
-- Up-to-date: /home/hayashi/map_ros/install/map_service/share/map_service/cmake/map_service__rosidl_generator_cppExport.cmake
-- Up-to-date: /home/hayashi/map_ros/install/map_service/share/map_service/cmake/map_service__rosidl_typesupport_introspection_cppExport.cmake
-- Up-to-date: /home/hayashi/map_ros/install/map_service/share/map_service/cmake/map_service__rosidl_typesupport_introspection_cppExport-noconfig.cmake
-- Up-to-date: /home/hayashi/map_ros/install/map_service/share/map_service/cmake/map_service__rosidl_typesupport_cppExport.cmake
-- Up-to-date: /home/hayashi/map_ros/install/map_service/share/map_service/cmake/map_service__rosidl_typesupport_cppExport-noconfig.cmake
-- Up-to-date: /home/hayashi/map_ros/install/map_service/share/map_service/cmake/rosidl_cmake-extras.cmake
-- Up-to-date: /home/hayashi/map_ros/install/map_service/share/map_service/cmake/ament_cmake_export_dependencies-extras.cmake
-- Up-to-date: /home/hayashi/map_ros/install/map_service/share/map_service/cmake/ament_cmake_export_libraries-extras.cmake
-- Up-to-date: /home/hayashi/map_ros/install/map_service/share/map_service/cmake/ament_cmake_export_targets-extras.cmake
-- Up-to-date: /home/hayashi/map_ros/install/map_service/share/map_service/cmake/ament_cmake_export_include_directories-extras.cmake
-- Up-to-date: /home/hayashi/map_ros/install/map_service/share/map_service/cmake/rosidl_cmake_export_typesupport_libraries-extras.cmake
-- Up-to-date: /home/hayashi/map_ros/install/map_service/share/map_service/cmake/rosidl_cmake_export_typesupport_targets-extras.cmake
-- Up-to-date: /home/hayashi/map_ros/install/map_service/share/map_service/cmake/map_serviceConfig.cmake
-- Up-to-date: /home/hayashi/map_ros/install/map_service/share/map_service/cmake/map_serviceConfig-version.cmake
-- Up-to-date: /home/hayashi/map_ros/install/map_service/share/map_service/package.xml
