[0.176s] Invoking command in '/home/hayashi/map_ros/build/map_service': CMAKE_PREFIX_PATH=${CMAKE_PREFIX_PATH}:/home/hayashi/map_ros/install/map_point:/opt/ros/foxy /usr/bin/cmake --build /home/hayashi/map_ros/build/map_service -- -j12 -l12
[0.214s] [  3%] Built target map_service__cpp
[0.214s] [ 12%] Built target map_service__rosidl_generator_c
[0.232s] [ 32%] Built target map_service__rosidl_typesupport_cpp
[0.232s] [ 32%] Built target map_service__rosidl_typesupport_c
[0.235s] [ 41%] Built target map_service__rosidl_typesupport_introspection_c
[0.235s] [ 51%] Built target map_service__rosidl_typesupport_introspection_cpp
[0.236s] [ 61%] Built target map_service__rosidl_typesupport_fastrtps_cpp
[0.257s] [ 70%] Built target map_service__rosidl_typesupport_fastrtps_c
[0.272s] [ 70%] Built target map_service
[0.288s] [ 74%] Built target map_service__py
[0.308s] [ 80%] Built target map_service__python
[0.329s] [ 93%] Built target map_service__rosidl_typesupport_c__pyext
[0.329s] [ 93%] Built target map_service__rosidl_typesupport_introspection_c__pyext
[0.330s] [100%] Built target map_service__rosidl_typesupport_fastrtps_c__pyext
[0.339s] Invoked command in '/home/hayashi/map_ros/build/map_service' returned '0': CMAKE_PREFIX_PATH=${CMAKE_PREFIX_PATH}:/home/hayashi/map_ros/install/map_point:/opt/ros/foxy /usr/bin/cmake --build /home/hayashi/map_ros/build/map_service -- -j12 -l12
[0.381s] Invoking command in '/home/hayashi/map_ros/build/map_service': CMAKE_PREFIX_PATH=${CMAKE_PREFIX_PATH}:/home/hayashi/map_ros/install/map_point:/opt/ros/foxy /usr/bin/cmake --install /home/hayashi/map_ros/build/map_service
[0.387s] -- Install configuration: ""
[0.388s] -- Up-to-date: /home/hayashi/map_ros/install/map_service/share/ament_index/resource_index/rosidl_interfaces/map_service
[0.388s] -- Up-to-date: /home/hayashi/map_ros/install/map_service/include/map_service
[0.388s] -- Up-to-date: /home/hayashi/map_ros/install/map_service/include/map_service/srv
[0.388s] -- Up-to-date: /home/hayashi/map_ros/install/map_service/include/map_service/srv/detail
[0.388s] -- Up-to-date: /home/hayashi/map_ros/install/map_service/include/map_service/srv/detail/point_request__struct.h
[0.388s] -- Up-to-date: /home/hayashi/map_ros/install/map_service/include/map_service/srv/detail/point_request__functions.c
[0.389s] -- Up-to-date: /home/hayashi/map_ros/install/map_service/include/map_service/srv/detail/point_request__functions.h
[0.389s] -- Up-to-date: /home/hayashi/map_ros/install/map_service/include/map_service/srv/detail/point_request__type_support.h
[0.389s] -- Up-to-date: /home/hayashi/map_ros/install/map_service/include/map_service/srv/point_request.h
[0.389s] -- Up-to-date: /home/hayashi/map_ros/install/map_service/include/map_service/msg
[0.389s] -- Up-to-date: /home/hayashi/map_ros/install/map_service/include/map_service/msg/rosidl_generator_c__visibility_control.h
[0.389s] -- Up-to-date: /home/hayashi/map_ros/install/map_service/share/map_service/environment/library_path.sh
[0.389s] -- Up-to-date: /home/hayashi/map_ros/install/map_service/share/map_service/environment/library_path.dsv
[0.389s] -- Up-to-date: /home/hayashi/map_ros/install/map_service/lib/libmap_service__rosidl_generator_c.so
[0.390s] -- Up-to-date: /home/hayashi/map_ros/install/map_service/include/map_service
[0.390s] -- Up-to-date: /home/hayashi/map_ros/install/map_service/include/map_service/srv
[0.390s] -- Up-to-date: /home/hayashi/map_ros/install/map_service/include/map_service/srv/detail
[0.390s] -- Up-to-date: /home/hayashi/map_ros/install/map_service/include/map_service/srv/detail/point_request__rosidl_typesupport_fastrtps_c.h
[0.390s] -- Up-to-date: /home/hayashi/map_ros/install/map_service/include/map_service/msg
[0.390s] -- Up-to-date: /home/hayashi/map_ros/install/map_service/include/map_service/msg/rosidl_typesupport_fastrtps_c__visibility_control.h
[0.390s] -- Up-to-date: /home/hayashi/map_ros/install/map_service/lib/libmap_service__rosidl_typesupport_fastrtps_c.so
[0.390s] -- Up-to-date: /home/hayashi/map_ros/install/map_service/include/map_service
[0.390s] -- Up-to-date: /home/hayashi/map_ros/install/map_service/include/map_service/srv
[0.391s] -- Up-to-date: /home/hayashi/map_ros/install/map_service/include/map_service/srv/detail
[0.391s] -- Up-to-date: /home/hayashi/map_ros/install/map_service/include/map_service/srv/detail/point_request__rosidl_typesupport_fastrtps_cpp.hpp
[0.391s] -- Up-to-date: /home/hayashi/map_ros/install/map_service/include/map_service/srv/detail/dds_fastrtps
[0.391s] -- Up-to-date: /home/hayashi/map_ros/install/map_service/include/map_service/msg
[0.391s] -- Up-to-date: /home/hayashi/map_ros/install/map_service/include/map_service/msg/rosidl_typesupport_fastrtps_cpp__visibility_control.h
[0.391s] -- Up-to-date: /home/hayashi/map_ros/install/map_service/lib/libmap_service__rosidl_typesupport_fastrtps_cpp.so
[0.391s] -- Up-to-date: /home/hayashi/map_ros/install/map_service/include/map_service
[0.391s] -- Up-to-date: /home/hayashi/map_ros/install/map_service/include/map_service/srv
[0.391s] -- Up-to-date: /home/hayashi/map_ros/install/map_service/include/map_service/srv/detail
[0.391s] -- Up-to-date: /home/hayashi/map_ros/install/map_service/include/map_service/srv/detail/point_request__rosidl_typesupport_introspection_c.h
[0.391s] -- Up-to-date: /home/hayashi/map_ros/install/map_service/include/map_service/srv/detail/point_request__type_support.c
[0.391s] -- Up-to-date: /home/hayashi/map_ros/install/map_service/include/map_service/msg
[0.391s] -- Up-to-date: /home/hayashi/map_ros/install/map_service/include/map_service/msg/rosidl_typesupport_introspection_c__visibility_control.h
[0.392s] -- Up-to-date: /home/hayashi/map_ros/install/map_service/lib/libmap_service__rosidl_typesupport_introspection_c.so
[0.392s] -- Up-to-date: /home/hayashi/map_ros/install/map_service/lib/libmap_service__rosidl_typesupport_c.so
[0.392s] -- Up-to-date: /home/hayashi/map_ros/install/map_service/include/map_service
[0.392s] -- Up-to-date: /home/hayashi/map_ros/install/map_service/include/map_service/srv
[0.392s] -- Up-to-date: /home/hayashi/map_ros/install/map_service/include/map_service/srv/point_request.hpp
[0.392s] -- Up-to-date: /home/hayashi/map_ros/install/map_service/include/map_service/srv/detail
[0.392s] -- Up-to-date: /home/hayashi/map_ros/install/map_service/include/map_service/srv/detail/point_request__type_support.hpp
[0.392s] -- Up-to-date: /home/hayashi/map_ros/install/map_service/include/map_service/srv/detail/point_request__builder.hpp
[0.392s] -- Up-to-date: /home/hayashi/map_ros/install/map_service/include/map_service/srv/detail/point_request__struct.hpp
[0.392s] -- Up-to-date: /home/hayashi/map_ros/install/map_service/include/map_service/srv/detail/point_request__traits.hpp
[0.392s] -- Up-to-date: /home/hayashi/map_ros/install/map_service/include/map_service/msg
[0.392s] -- Up-to-date: /home/hayashi/map_ros/install/map_service/include/map_service/msg/rosidl_generator_cpp__visibility_control.hpp
[0.392s] -- Up-to-date: /home/hayashi/map_ros/install/map_service/include/map_service
[0.392s] -- Up-to-date: /home/hayashi/map_ros/install/map_service/include/map_service/srv
[0.392s] -- Up-to-date: /home/hayashi/map_ros/install/map_service/include/map_service/srv/detail
[0.392s] -- Up-to-date: /home/hayashi/map_ros/install/map_service/include/map_service/srv/detail/point_request__type_support.cpp
[0.392s] -- Up-to-date: /home/hayashi/map_ros/install/map_service/include/map_service/srv/detail/point_request__rosidl_typesupport_introspection_cpp.hpp
[0.392s] -- Up-to-date: /home/hayashi/map_ros/install/map_service/lib/libmap_service__rosidl_typesupport_introspection_cpp.so
[0.393s] -- Up-to-date: /home/hayashi/map_ros/install/map_service/lib/libmap_service__rosidl_typesupport_cpp.so
[0.393s] -- Up-to-date: /home/hayashi/map_ros/install/map_service/share/map_service/environment/pythonpath.sh
[0.393s] -- Up-to-date: /home/hayashi/map_ros/install/map_service/share/map_service/environment/pythonpath.dsv
[0.393s] -- Up-to-date: /home/hayashi/map_ros/install/map_service/lib/python3.8/site-packages/map_service/__init__.py
[0.416s] -- Up-to-date: /home/hayashi/map_ros/install/map_service/lib/python3.8/site-packages/map_service/srv
[0.416s] -- Up-to-date: /home/hayashi/map_ros/install/map_service/lib/python3.8/site-packages/map_service/srv/__init__.py
[0.416s] -- Up-to-date: /home/hayashi/map_ros/install/map_service/lib/python3.8/site-packages/map_service/srv/_point_request_s.c
[0.416s] -- Up-to-date: /home/hayashi/map_ros/install/map_service/lib/python3.8/site-packages/map_service/srv/_point_request.py
[0.416s] -- Up-to-date: /home/hayashi/map_ros/install/map_service/lib/python3.8/site-packages/map_service/map_service_s__rosidl_typesupport_fastrtps_c.cpython-38-x86_64-linux-gnu.so
[0.417s] -- Up-to-date: /home/hayashi/map_ros/install/map_service/lib/python3.8/site-packages/map_service/map_service_s__rosidl_typesupport_introspection_c.cpython-38-x86_64-linux-gnu.so
[0.417s] -- Up-to-date: /home/hayashi/map_ros/install/map_service/lib/python3.8/site-packages/map_service/map_service_s__rosidl_typesupport_c.cpython-38-x86_64-linux-gnu.so
[0.417s] -- Up-to-date: /home/hayashi/map_ros/install/map_service/lib/libmap_service__python.so
[0.418s] -- Up-to-date: /home/hayashi/map_ros/install/map_service/share/map_service/srv/PointRequest.idl
[0.418s] -- Up-to-date: /home/hayashi/map_ros/install/map_service/share/map_service/srv/PointRequest.srv
[0.418s] -- Up-to-date: /home/hayashi/map_ros/install/map_service/share/map_service/srv/PointRequest_Request.msg
[0.418s] -- Up-to-date: /home/hayashi/map_ros/install/map_service/share/map_service/srv/PointRequest_Response.msg
[0.418s] -- Up-to-date: /home/hayashi/map_ros/install/map_service/share/ament_index/resource_index/package_run_dependencies/map_service
[0.418s] -- Up-to-date: /home/hayashi/map_ros/install/map_service/share/ament_index/resource_index/parent_prefix_path/map_service
[0.418s] -- Up-to-date: /home/hayashi/map_ros/install/map_service/share/map_service/environment/ament_prefix_path.sh
[0.418s] -- Up-to-date: /home/hayashi/map_ros/install/map_service/share/map_service/environment/ament_prefix_path.dsv
[0.418s] -- Up-to-date: /home/hayashi/map_ros/install/map_service/share/map_service/environment/path.sh
[0.418s] -- Up-to-date: /home/hayashi/map_ros/install/map_service/share/map_service/environment/path.dsv
[0.418s] -- Up-to-date: /home/hayashi/map_ros/install/map_service/share/map_service/local_setup.bash
[0.419s] -- Up-to-date: /home/hayashi/map_ros/install/map_service/share/map_service/local_setup.sh
[0.419s] -- Up-to-date: /home/hayashi/map_ros/install/map_service/share/map_service/local_setup.zsh
[0.419s] -- Up-to-date: /home/hayashi/map_ros/install/map_service/share/map_service/local_setup.dsv
[0.419s] -- Installing: /home/hayashi/map_ros/install/map_service/share/map_service/package.dsv
[0.419s] -- Up-to-date: /home/hayashi/map_ros/install/map_service/share/ament_index/resource_index/packages/map_service
[0.419s] -- Up-to-date: /home/hayashi/map_ros/install/map_service/share/map_service/cmake/map_service__rosidl_generator_cExport.cmake
[0.419s] -- Up-to-date: /home/hayashi/map_ros/install/map_service/share/map_service/cmake/map_service__rosidl_generator_cExport-noconfig.cmake
[0.419s] -- Up-to-date: /home/hayashi/map_ros/install/map_service/share/map_service/cmake/map_service__rosidl_typesupport_introspection_cExport.cmake
[0.419s] -- Up-to-date: /home/hayashi/map_ros/install/map_service/share/map_service/cmake/map_service__rosidl_typesupport_introspection_cExport-noconfig.cmake
[0.419s] -- Up-to-date: /home/hayashi/map_ros/install/map_service/share/map_service/cmake/map_service__rosidl_typesupport_cExport.cmake
[0.419s] -- Up-to-date: /home/hayashi/map_ros/install/map_service/share/map_service/cmake/map_service__rosidl_typesupport_cExport-noconfig.cmake
[0.419s] -- Up-to-date: /home/hayashi/map_ros/install/map_service/share/map_service/cmake/map_service__rosidl_generator_cppExport.cmake
[0.419s] -- Up-to-date: /home/hayashi/map_ros/install/map_service/share/map_service/cmake/map_service__rosidl_typesupport_introspection_cppExport.cmake
[0.419s] -- Up-to-date: /home/hayashi/map_ros/install/map_service/share/map_service/cmake/map_service__rosidl_typesupport_introspection_cppExport-noconfig.cmake
[0.420s] -- Up-to-date: /home/hayashi/map_ros/install/map_service/share/map_service/cmake/map_service__rosidl_typesupport_cppExport.cmake
[0.420s] -- Up-to-date: /home/hayashi/map_ros/install/map_service/share/map_service/cmake/map_service__rosidl_typesupport_cppExport-noconfig.cmake
[0.420s] -- Up-to-date: /home/hayashi/map_ros/install/map_service/share/map_service/cmake/rosidl_cmake-extras.cmake
[0.420s] -- Up-to-date: /home/hayashi/map_ros/install/map_service/share/map_service/cmake/ament_cmake_export_dependencies-extras.cmake
[0.420s] -- Up-to-date: /home/hayashi/map_ros/install/map_service/share/map_service/cmake/ament_cmake_export_libraries-extras.cmake
[0.420s] -- Up-to-date: /home/hayashi/map_ros/install/map_service/share/map_service/cmake/ament_cmake_export_targets-extras.cmake
[0.420s] -- Up-to-date: /home/hayashi/map_ros/install/map_service/share/map_service/cmake/ament_cmake_export_include_directories-extras.cmake
[0.420s] -- Up-to-date: /home/hayashi/map_ros/install/map_service/share/map_service/cmake/rosidl_cmake_export_typesupport_libraries-extras.cmake
[0.420s] -- Up-to-date: /home/hayashi/map_ros/install/map_service/share/map_service/cmake/rosidl_cmake_export_typesupport_targets-extras.cmake
[0.420s] -- Up-to-date: /home/hayashi/map_ros/install/map_service/share/map_service/cmake/map_serviceConfig.cmake
[0.420s] -- Up-to-date: /home/hayashi/map_ros/install/map_service/share/map_service/cmake/map_serviceConfig-version.cmake
[0.420s] -- Up-to-date: /home/hayashi/map_ros/install/map_service/share/map_service/package.xml
[0.421s] Invoked command in '/home/hayashi/map_ros/build/map_service' returned '0': CMAKE_PREFIX_PATH=${CMAKE_PREFIX_PATH}:/home/hayashi/map_ros/install/map_point:/opt/ros/foxy /usr/bin/cmake --install /home/hayashi/map_ros/build/map_service
