[2.090s] DEBUG:colcon:Command line arguments: ['/usr/bin/colcon', 'build']
[2.091s] DEBUG:colcon:Parsed command line arguments: Namespace(allow_overriding=[], ament_cmake_args=None, base_paths=['.'], build_base='build', catkin_cmake_args=None, catkin_skip_building_tests=False, cmake_args=None, cmake_clean_cache=False, cmake_clean_first=False, cmake_force_configure=False, cmake_target=None, cmake_target_skip_unavailable=False, continue_on_error=False, event_handlers=None, executor='parallel', ignore_user_meta=False, install_base='install', log_base=None, log_level=None, main=<bound method BuildVerb.main of <colcon_core.verb.build.BuildVerb object at 0x7f94c00821c0>>, merge_install=False, metas=['./colcon.meta'], packages_above=None, packages_above_and_dependencies=None, packages_above_depth=None, packages_end=None, packages_ignore=None, packages_ignore_regex=None, packages_select=None, packages_select_build_failed=False, packages_select_by_dep=None, packages_select_regex=None, packages_select_test_failures=False, packages_skip=None, packages_skip_build_finished=False, packages_skip_by_dep=None, packages_skip_regex=None, packages_skip_test_passed=False, packages_skip_up_to=None, packages_start=None, packages_up_to=None, packages_up_to_regex=None, parallel_workers=12, paths=None, symlink_install=False, test_result_base=None, verb_extension=<colcon_core.verb.build.BuildVerb object at 0x7f94c00821c0>, verb_name='build', verb_parser=<colcon_defaults.argument_parser.defaults.DefaultArgumentsDecorator object at 0x7f94bfcc85e0>)
[2.189s] Level 1:colcon.colcon_core.package_discovery:discover_packages(colcon_meta) check parameters
[2.189s] Level 1:colcon.colcon_core.package_discovery:discover_packages(recursive) check parameters
[2.189s] Level 1:colcon.colcon_core.package_discovery:discover_packages(ignore) check parameters
[2.189s] Level 1:colcon.colcon_core.package_discovery:discover_packages(path) check parameters
[2.189s] Level 1:colcon.colcon_core.package_discovery:discover_packages(colcon_meta) discover
[2.189s] Level 1:colcon.colcon_core.package_discovery:discover_packages(recursive) discover
[2.190s] INFO:colcon.colcon_core.package_discovery:Crawling recursively for packages in '/home/hayashi/map_ros'
[2.190s] Level 1:colcon.colcon_core.package_identification:_identify(.) by extensions ['ignore', 'ignore_ament_install']
[2.190s] Level 1:colcon.colcon_core.package_identification:_identify(.) by extension 'ignore'
[2.190s] Level 1:colcon.colcon_core.package_identification:_identify(.) by extension 'ignore_ament_install'
[2.190s] Level 1:colcon.colcon_core.package_identification:_identify(.) by extensions ['colcon_pkg']
[2.190s] Level 1:colcon.colcon_core.package_identification:_identify(.) by extension 'colcon_pkg'
[2.190s] Level 1:colcon.colcon_core.package_identification:_identify(.) by extensions ['colcon_meta']
[2.190s] Level 1:colcon.colcon_core.package_identification:_identify(.) by extension 'colcon_meta'
[2.190s] Level 1:colcon.colcon_core.package_identification:_identify(.) by extensions ['ros']
[2.190s] Level 1:colcon.colcon_core.package_identification:_identify(.) by extension 'ros'
[2.198s] Level 1:colcon.colcon_core.package_identification:_identify(.) by extensions ['cmake', 'python']
[2.198s] Level 1:colcon.colcon_core.package_identification:_identify(.) by extension 'cmake'
[2.198s] Level 1:colcon.colcon_core.package_identification:_identify(.) by extension 'python'
[2.198s] Level 1:colcon.colcon_core.package_identification:_identify(.) by extensions ['python_setup_py']
[2.198s] Level 1:colcon.colcon_core.package_identification:_identify(.) by extension 'python_setup_py'
[2.198s] Level 1:colcon.colcon_core.package_identification:_identify(build) by extensions ['ignore', 'ignore_ament_install']
[2.198s] Level 1:colcon.colcon_core.package_identification:_identify(build) by extension 'ignore'
[2.198s] Level 1:colcon.colcon_core.package_identification:_identify(build) ignored
[2.198s] Level 1:colcon.colcon_core.package_identification:_identify(install) by extensions ['ignore', 'ignore_ament_install']
[2.198s] Level 1:colcon.colcon_core.package_identification:_identify(install) by extension 'ignore'
[2.199s] Level 1:colcon.colcon_core.package_identification:_identify(install) ignored
[2.199s] Level 1:colcon.colcon_core.package_identification:_identify(log) by extensions ['ignore', 'ignore_ament_install']
[2.199s] Level 1:colcon.colcon_core.package_identification:_identify(log) by extension 'ignore'
[2.199s] Level 1:colcon.colcon_core.package_identification:_identify(log) ignored
[2.199s] Level 1:colcon.colcon_core.package_identification:_identify(src) by extensions ['ignore', 'ignore_ament_install']
[2.199s] Level 1:colcon.colcon_core.package_identification:_identify(src) by extension 'ignore'
[2.199s] Level 1:colcon.colcon_core.package_identification:_identify(src) by extension 'ignore_ament_install'
[2.199s] Level 1:colcon.colcon_core.package_identification:_identify(src) by extensions ['colcon_pkg']
[2.199s] Level 1:colcon.colcon_core.package_identification:_identify(src) by extension 'colcon_pkg'
[2.199s] Level 1:colcon.colcon_core.package_identification:_identify(src) by extensions ['colcon_meta']
[2.199s] Level 1:colcon.colcon_core.package_identification:_identify(src) by extension 'colcon_meta'
[2.199s] Level 1:colcon.colcon_core.package_identification:_identify(src) by extensions ['ros']
[2.199s] Level 1:colcon.colcon_core.package_identification:_identify(src) by extension 'ros'
[2.199s] Level 1:colcon.colcon_core.package_identification:_identify(src) by extensions ['cmake', 'python']
[2.199s] Level 1:colcon.colcon_core.package_identification:_identify(src) by extension 'cmake'
[2.199s] Level 1:colcon.colcon_core.package_identification:_identify(src) by extension 'python'
[2.199s] Level 1:colcon.colcon_core.package_identification:_identify(src) by extensions ['python_setup_py']
[2.199s] Level 1:colcon.colcon_core.package_identification:_identify(src) by extension 'python_setup_py'
[2.199s] Level 1:colcon.colcon_core.package_identification:_identify(src/map_point) by extensions ['ignore', 'ignore_ament_install']
[2.199s] Level 1:colcon.colcon_core.package_identification:_identify(src/map_point) by extension 'ignore'
[2.199s] Level 1:colcon.colcon_core.package_identification:_identify(src/map_point) by extension 'ignore_ament_install'
[2.199s] Level 1:colcon.colcon_core.package_identification:_identify(src/map_point) by extensions ['colcon_pkg']
[2.199s] Level 1:colcon.colcon_core.package_identification:_identify(src/map_point) by extension 'colcon_pkg'
[2.200s] Level 1:colcon.colcon_core.package_identification:_identify(src/map_point) by extensions ['colcon_meta']
[2.200s] Level 1:colcon.colcon_core.package_identification:_identify(src/map_point) by extension 'colcon_meta'
[2.200s] Level 1:colcon.colcon_core.package_identification:_identify(src/map_point) by extensions ['ros']
[2.200s] Level 1:colcon.colcon_core.package_identification:_identify(src/map_point) by extension 'ros'
[2.202s] DEBUG:colcon.colcon_core.package_identification:Package 'src/map_point' with type 'ros.ament_python' and name 'map_point'
[2.202s] Level 1:colcon.colcon_core.package_identification:_identify(src/map_service) by extensions ['ignore', 'ignore_ament_install']
[2.202s] Level 1:colcon.colcon_core.package_identification:_identify(src/map_service) by extension 'ignore'
[2.202s] Level 1:colcon.colcon_core.package_identification:_identify(src/map_service) by extension 'ignore_ament_install'
[2.202s] Level 1:colcon.colcon_core.package_identification:_identify(src/map_service) by extensions ['colcon_pkg']
[2.202s] Level 1:colcon.colcon_core.package_identification:_identify(src/map_service) by extension 'colcon_pkg'
[2.202s] Level 1:colcon.colcon_core.package_identification:_identify(src/map_service) by extensions ['colcon_meta']
[2.202s] Level 1:colcon.colcon_core.package_identification:_identify(src/map_service) by extension 'colcon_meta'
[2.202s] Level 1:colcon.colcon_core.package_identification:_identify(src/map_service) by extensions ['ros']
[2.202s] Level 1:colcon.colcon_core.package_identification:_identify(src/map_service) by extension 'ros'
[2.205s] DEBUG:colcon.colcon_core.package_identification:Package 'src/map_service' with type 'ros.ament_cmake' and name 'map_service'
[2.205s] Level 1:colcon.colcon_core.package_discovery:discover_packages(recursive) using defaults
[2.205s] Level 1:colcon.colcon_core.package_discovery:discover_packages(ignore) discover
[2.205s] Level 1:colcon.colcon_core.package_discovery:discover_packages(ignore) using defaults
[2.205s] Level 1:colcon.colcon_core.package_discovery:discover_packages(path) discover
[2.205s] Level 1:colcon.colcon_core.package_discovery:discover_packages(path) using defaults
[2.414s] Level 1:colcon.colcon_core.package_discovery:discover_packages(prefix_path) check parameters
[2.414s] Level 1:colcon.colcon_core.package_discovery:discover_packages(prefix_path) discover
[2.486s] DEBUG:colcon.colcon_installed_package_information.package_discovery:Found 402 installed packages in /opt/ros/foxy
[2.488s] Level 1:colcon.colcon_core.package_discovery:discover_packages(prefix_path) using defaults
[2.692s] Level 5:colcon.colcon_core.verb:set package 'map_service' build argument 'cmake_args' from command line to 'None'
[2.692s] Level 5:colcon.colcon_core.verb:set package 'map_service' build argument 'cmake_target' from command line to 'None'
[2.692s] Level 5:colcon.colcon_core.verb:set package 'map_service' build argument 'cmake_target_skip_unavailable' from command line to 'False'
[2.692s] Level 5:colcon.colcon_core.verb:set package 'map_service' build argument 'cmake_clean_cache' from command line to 'False'
[2.693s] Level 5:colcon.colcon_core.verb:set package 'map_service' build argument 'cmake_clean_first' from command line to 'False'
[2.693s] Level 5:colcon.colcon_core.verb:set package 'map_service' build argument 'cmake_force_configure' from command line to 'False'
[2.693s] Level 5:colcon.colcon_core.verb:set package 'map_service' build argument 'ament_cmake_args' from command line to 'None'
[2.693s] Level 5:colcon.colcon_core.verb:set package 'map_service' build argument 'catkin_cmake_args' from command line to 'None'
[2.693s] Level 5:colcon.colcon_core.verb:set package 'map_service' build argument 'catkin_skip_building_tests' from command line to 'False'
[2.693s] DEBUG:colcon.colcon_core.verb:Building package 'map_service' with the following arguments: {'ament_cmake_args': None, 'build_base': '/home/hayashi/map_ros/build/map_service', 'catkin_cmake_args': None, 'catkin_skip_building_tests': False, 'cmake_args': None, 'cmake_clean_cache': False, 'cmake_clean_first': False, 'cmake_force_configure': False, 'cmake_target': None, 'cmake_target_skip_unavailable': False, 'install_base': '/home/hayashi/map_ros/install/map_service', 'merge_install': False, 'path': '/home/hayashi/map_ros/src/map_service', 'symlink_install': False, 'test_result_base': None}
[2.726s] Level 5:colcon.colcon_core.verb:set package 'map_point' build argument 'cmake_args' from command line to 'None'
[2.726s] Level 5:colcon.colcon_core.verb:set package 'map_point' build argument 'cmake_target' from command line to 'None'
[2.727s] Level 5:colcon.colcon_core.verb:set package 'map_point' build argument 'cmake_target_skip_unavailable' from command line to 'False'
[2.727s] Level 5:colcon.colcon_core.verb:set package 'map_point' build argument 'cmake_clean_cache' from command line to 'False'
[2.727s] Level 5:colcon.colcon_core.verb:set package 'map_point' build argument 'cmake_clean_first' from command line to 'False'
[2.727s] Level 5:colcon.colcon_core.verb:set package 'map_point' build argument 'cmake_force_configure' from command line to 'False'
[2.727s] Level 5:colcon.colcon_core.verb:set package 'map_point' build argument 'ament_cmake_args' from command line to 'None'
[2.727s] Level 5:colcon.colcon_core.verb:set package 'map_point' build argument 'catkin_cmake_args' from command line to 'None'
[2.727s] Level 5:colcon.colcon_core.verb:set package 'map_point' build argument 'catkin_skip_building_tests' from command line to 'False'
[2.727s] DEBUG:colcon.colcon_core.verb:Building package 'map_point' with the following arguments: {'ament_cmake_args': None, 'build_base': '/home/hayashi/map_ros/build/map_point', 'catkin_cmake_args': None, 'catkin_skip_building_tests': False, 'cmake_args': None, 'cmake_clean_cache': False, 'cmake_clean_first': False, 'cmake_force_configure': False, 'cmake_target': None, 'cmake_target_skip_unavailable': False, 'install_base': '/home/hayashi/map_ros/install/map_point', 'merge_install': False, 'path': '/home/hayashi/map_ros/src/map_point', 'symlink_install': False, 'test_result_base': None}
[2.764s] INFO:colcon.colcon_core.executor:Executing jobs using 'parallel' executor
[2.799s] DEBUG:colcon.colcon_parallel_executor.executor.parallel:run_until_complete
[2.799s] INFO:colcon.colcon_ros.task.ament_cmake.build:Building ROS package in '/home/hayashi/map_ros/src/map_service' with build type 'ament_cmake'
[2.800s] INFO:colcon.colcon_cmake.task.cmake.build:Building CMake package in '/home/hayashi/map_ros/src/map_service'
[2.842s] INFO:colcon.colcon_core.plugin_system:Skipping extension 'colcon_core.shell.bat': Not used on non-Windows systems
[2.842s] INFO:colcon.colcon_core.shell:Skip shell extension 'powershell' for command environment: Not usable outside of PowerShell
[2.842s] DEBUG:colcon.colcon_core.shell:Skip shell extension 'dsv' for command environment
[2.927s] DEBUG:colcon.colcon_core.event_handler.log_command:Invoking command in '/home/hayashi/map_ros/build/map_service': CMAKE_PREFIX_PATH=/opt/ros/foxy /usr/bin/cmake /home/hayashi/map_ros/src/map_service -DCMAKE_INSTALL_PREFIX=/home/hayashi/map_ros/install/map_service
[4.900s] DEBUG:colcon.colcon_core.event_handler.log_command:Invoked command in '/home/hayashi/map_ros/build/map_service' returned '0': CMAKE_PREFIX_PATH=/opt/ros/foxy /usr/bin/cmake /home/hayashi/map_ros/src/map_service -DCMAKE_INSTALL_PREFIX=/home/hayashi/map_ros/install/map_service
[4.902s] DEBUG:colcon.colcon_core.event_handler.log_command:Invoking command in '/home/hayashi/map_ros/build/map_service': CMAKE_PREFIX_PATH=/opt/ros/foxy /usr/bin/cmake --build /home/hayashi/map_ros/build/map_service -- -j12 -l12
[7.152s] DEBUG:colcon.colcon_core.event_handler.log_command:Invoked command in '/home/hayashi/map_ros/build/map_service' returned '0': CMAKE_PREFIX_PATH=/opt/ros/foxy /usr/bin/cmake --build /home/hayashi/map_ros/build/map_service -- -j12 -l12
[7.190s] DEBUG:colcon.colcon_core.event_handler.log_command:Invoking command in '/home/hayashi/map_ros/build/map_service': CMAKE_PREFIX_PATH=/opt/ros/foxy /usr/bin/cmake --install /home/hayashi/map_ros/build/map_service
[7.233s] Level 1:colcon.colcon_core.environment:create_environment_scripts_only(map_service)
[7.234s] DEBUG:colcon.colcon_core.event_handler.log_command:Invoked command in '/home/hayashi/map_ros/build/map_service' returned '0': CMAKE_PREFIX_PATH=/opt/ros/foxy /usr/bin/cmake --install /home/hayashi/map_ros/build/map_service
[7.279s] Level 1:colcon.colcon_core.environment:checking '/home/hayashi/map_ros/install/map_service' for CMake module files
[7.279s] Level 1:colcon.colcon_core.environment:checking '/home/hayashi/map_ros/install/map_service' for CMake config files
[7.280s] Level 1:colcon.colcon_core.shell:create_environment_hook('map_service', 'cmake_prefix_path')
[7.326s] INFO:colcon.colcon_core.shell:Creating environment hook '/home/hayashi/map_ros/install/map_service/share/map_service/hook/cmake_prefix_path.ps1'
[7.326s] INFO:colcon.colcon_core.shell:Creating environment descriptor '/home/hayashi/map_ros/install/map_service/share/map_service/hook/cmake_prefix_path.dsv'
[7.327s] INFO:colcon.colcon_core.shell:Creating environment hook '/home/hayashi/map_ros/install/map_service/share/map_service/hook/cmake_prefix_path.sh'
[7.328s] Level 1:colcon.colcon_core.environment:checking '/home/hayashi/map_ros/install/map_service/lib'
[7.328s] Level 1:colcon.colcon_core.shell:create_environment_hook('map_service', 'ld_library_path_lib')
[7.365s] INFO:colcon.colcon_core.shell:Creating environment hook '/home/hayashi/map_ros/install/map_service/share/map_service/hook/ld_library_path_lib.ps1'
[7.365s] INFO:colcon.colcon_core.shell:Creating environment descriptor '/home/hayashi/map_ros/install/map_service/share/map_service/hook/ld_library_path_lib.dsv'
[7.365s] INFO:colcon.colcon_core.shell:Creating environment hook '/home/hayashi/map_ros/install/map_service/share/map_service/hook/ld_library_path_lib.sh'
[7.366s] Level 1:colcon.colcon_core.environment:checking '/home/hayashi/map_ros/install/map_service/bin'
[7.366s] Level 1:colcon.colcon_core.environment:checking '/home/hayashi/map_ros/install/map_service/lib/pkgconfig/map_service.pc'
[7.366s] Level 1:colcon.colcon_core.environment:checking '/home/hayashi/map_ros/install/map_service/lib/python3.8/site-packages'
[7.366s] Level 1:colcon.colcon_core.shell:create_environment_hook('map_service', 'pythonpath')
[7.401s] INFO:colcon.colcon_core.shell:Creating environment hook '/home/hayashi/map_ros/install/map_service/share/map_service/hook/pythonpath.ps1'
[7.402s] INFO:colcon.colcon_core.shell:Creating environment descriptor '/home/hayashi/map_ros/install/map_service/share/map_service/hook/pythonpath.dsv'
[7.402s] INFO:colcon.colcon_core.shell:Creating environment hook '/home/hayashi/map_ros/install/map_service/share/map_service/hook/pythonpath.sh'
[7.402s] Level 1:colcon.colcon_core.environment:checking '/home/hayashi/map_ros/install/map_service/bin'
[7.438s] INFO:colcon.colcon_core.shell:Creating package script '/home/hayashi/map_ros/install/map_service/share/map_service/package.ps1'
[7.439s] INFO:colcon.colcon_core.shell:Creating package descriptor '/home/hayashi/map_ros/install/map_service/share/map_service/package.dsv'
[7.440s] INFO:colcon.colcon_core.shell:Creating package script '/home/hayashi/map_ros/install/map_service/share/map_service/package.sh'
[7.441s] INFO:colcon.colcon_core.shell:Creating package script '/home/hayashi/map_ros/install/map_service/share/map_service/package.bash'
[7.442s] INFO:colcon.colcon_core.shell:Creating package script '/home/hayashi/map_ros/install/map_service/share/map_service/package.zsh'
[7.443s] Level 1:colcon.colcon_core.environment:create_file_with_runtime_dependencies(/home/hayashi/map_ros/install/map_service/share/colcon-core/packages/map_service)
[7.510s] Level 1:colcon.colcon_core.environment:create_environment_scripts_only(map_service)
[7.548s] Level 1:colcon.colcon_core.environment:checking '/home/hayashi/map_ros/install/map_service' for CMake module files
[7.548s] Level 1:colcon.colcon_core.environment:checking '/home/hayashi/map_ros/install/map_service' for CMake config files
[7.548s] Level 1:colcon.colcon_core.shell:create_environment_hook('map_service', 'cmake_prefix_path')
[7.585s] INFO:colcon.colcon_core.shell:Creating environment hook '/home/hayashi/map_ros/install/map_service/share/map_service/hook/cmake_prefix_path.ps1'
[7.586s] INFO:colcon.colcon_core.shell:Creating environment descriptor '/home/hayashi/map_ros/install/map_service/share/map_service/hook/cmake_prefix_path.dsv'
[7.586s] INFO:colcon.colcon_core.shell:Creating environment hook '/home/hayashi/map_ros/install/map_service/share/map_service/hook/cmake_prefix_path.sh'
[7.586s] Level 1:colcon.colcon_core.environment:checking '/home/hayashi/map_ros/install/map_service/lib'
[7.586s] Level 1:colcon.colcon_core.shell:create_environment_hook('map_service', 'ld_library_path_lib')
[7.623s] INFO:colcon.colcon_core.shell:Creating environment hook '/home/hayashi/map_ros/install/map_service/share/map_service/hook/ld_library_path_lib.ps1'
[7.623s] INFO:colcon.colcon_core.shell:Creating environment descriptor '/home/hayashi/map_ros/install/map_service/share/map_service/hook/ld_library_path_lib.dsv'
[7.623s] INFO:colcon.colcon_core.shell:Creating environment hook '/home/hayashi/map_ros/install/map_service/share/map_service/hook/ld_library_path_lib.sh'
[7.623s] Level 1:colcon.colcon_core.environment:checking '/home/hayashi/map_ros/install/map_service/bin'
[7.623s] Level 1:colcon.colcon_core.environment:checking '/home/hayashi/map_ros/install/map_service/lib/pkgconfig/map_service.pc'
[7.624s] Level 1:colcon.colcon_core.environment:checking '/home/hayashi/map_ros/install/map_service/lib/python3.8/site-packages'
[7.624s] Level 1:colcon.colcon_core.shell:create_environment_hook('map_service', 'pythonpath')
[7.660s] INFO:colcon.colcon_core.shell:Creating environment hook '/home/hayashi/map_ros/install/map_service/share/map_service/hook/pythonpath.ps1'
[7.660s] INFO:colcon.colcon_core.shell:Creating environment descriptor '/home/hayashi/map_ros/install/map_service/share/map_service/hook/pythonpath.dsv'
[7.661s] INFO:colcon.colcon_core.shell:Creating environment hook '/home/hayashi/map_ros/install/map_service/share/map_service/hook/pythonpath.sh'
[7.661s] Level 1:colcon.colcon_core.environment:checking '/home/hayashi/map_ros/install/map_service/bin'
[7.697s] INFO:colcon.colcon_core.shell:Creating package script '/home/hayashi/map_ros/install/map_service/share/map_service/package.ps1'
[7.697s] INFO:colcon.colcon_core.shell:Creating package descriptor '/home/hayashi/map_ros/install/map_service/share/map_service/package.dsv'
[7.697s] INFO:colcon.colcon_core.shell:Creating package script '/home/hayashi/map_ros/install/map_service/share/map_service/package.sh'
[7.698s] INFO:colcon.colcon_core.shell:Creating package script '/home/hayashi/map_ros/install/map_service/share/map_service/package.bash'
[7.698s] INFO:colcon.colcon_core.shell:Creating package script '/home/hayashi/map_ros/install/map_service/share/map_service/package.zsh'
[7.698s] Level 1:colcon.colcon_core.environment:create_file_with_runtime_dependencies(/home/hayashi/map_ros/install/map_service/share/colcon-core/packages/map_service)
[7.699s] INFO:colcon.colcon_ros.task.ament_python.build:Building ROS package in '/home/hayashi/map_ros/src/map_point' with build type 'ament_python'
[7.699s] Level 1:colcon.colcon_core.shell:create_environment_hook('map_point', 'ament_prefix_path')
[7.737s] INFO:colcon.colcon_core.shell:Creating environment hook '/home/hayashi/map_ros/install/map_point/share/map_point/hook/ament_prefix_path.ps1'
[7.738s] INFO:colcon.colcon_core.shell:Creating environment descriptor '/home/hayashi/map_ros/install/map_point/share/map_point/hook/ament_prefix_path.dsv'
[7.738s] INFO:colcon.colcon_core.shell:Creating environment hook '/home/hayashi/map_ros/install/map_point/share/map_point/hook/ament_prefix_path.sh'
[7.775s] INFO:colcon.colcon_core.shell:Skip shell extension 'powershell' for command environment: Not usable outside of PowerShell
[7.775s] DEBUG:colcon.colcon_core.shell:Skip shell extension 'dsv' for command environment
[8.051s] INFO:colcon.colcon_core.task.python.build:Building Python package in '/home/hayashi/map_ros/src/map_point'
[8.088s] INFO:colcon.colcon_core.shell:Skip shell extension 'powershell' for command environment: Not usable outside of PowerShell
[8.088s] DEBUG:colcon.colcon_core.shell:Skip shell extension 'dsv' for command environment
[8.584s] DEBUG:colcon.colcon_core.event_handler.log_command:Invoking command in '/home/hayashi/map_ros/src/map_point': AMENT_PREFIX_PATH=/home/hayashi/map_ros/install/map_service:${AMENT_PREFIX_PATH} CMAKE_PREFIX_PATH=/home/hayashi/map_ros/install/map_service LD_LIBRARY_PATH=/home/hayashi/map_ros/install/map_service/lib:${LD_LIBRARY_PATH} PYTHONPATH=/home/hayashi/map_ros/build/map_point/prefix_override:/home/hayashi/map_ros/install/map_point/lib/python3.8/site-packages:/home/hayashi/map_ros/install/map_service/lib/python3.8/site-packages:${PYTHONPATH} /usr/bin/python3 setup.py egg_info --egg-base ../../build/map_point build --build-base /home/hayashi/map_ros/build/map_point/build install --record /home/hayashi/map_ros/build/map_point/install.log --install-scripts $base/lib/map_point --single-version-externally-managed
[8.819s] DEBUG:colcon.colcon_core.event_handler.log_command:Invoked command in '/home/hayashi/map_ros/src/map_point' returned '0': AMENT_PREFIX_PATH=/home/hayashi/map_ros/install/map_service:${AMENT_PREFIX_PATH} CMAKE_PREFIX_PATH=/home/hayashi/map_ros/install/map_service LD_LIBRARY_PATH=/home/hayashi/map_ros/install/map_service/lib:${LD_LIBRARY_PATH} PYTHONPATH=/home/hayashi/map_ros/build/map_point/prefix_override:/home/hayashi/map_ros/install/map_point/lib/python3.8/site-packages:/home/hayashi/map_ros/install/map_service/lib/python3.8/site-packages:${PYTHONPATH} /usr/bin/python3 setup.py egg_info --egg-base ../../build/map_point build --build-base /home/hayashi/map_ros/build/map_point/build install --record /home/hayashi/map_ros/build/map_point/install.log --install-scripts $base/lib/map_point --single-version-externally-managed
[8.856s] Level 1:colcon.colcon_core.environment:checking '/home/hayashi/map_ros/install/map_point' for CMake module files
[8.856s] Level 1:colcon.colcon_core.environment:checking '/home/hayashi/map_ros/install/map_point' for CMake config files
[8.857s] Level 1:colcon.colcon_core.environment:checking '/home/hayashi/map_ros/install/map_point/lib'
[8.857s] Level 1:colcon.colcon_core.environment:checking '/home/hayashi/map_ros/install/map_point/bin'
[8.857s] Level 1:colcon.colcon_core.environment:checking '/home/hayashi/map_ros/install/map_point/lib/pkgconfig/map_point.pc'
[8.857s] Level 1:colcon.colcon_core.environment:checking '/home/hayashi/map_ros/install/map_point/lib/python3.8/site-packages'
[8.857s] Level 1:colcon.colcon_core.shell:create_environment_hook('map_point', 'pythonpath')
[8.894s] INFO:colcon.colcon_core.shell:Creating environment hook '/home/hayashi/map_ros/install/map_point/share/map_point/hook/pythonpath.ps1'
[8.894s] INFO:colcon.colcon_core.shell:Creating environment descriptor '/home/hayashi/map_ros/install/map_point/share/map_point/hook/pythonpath.dsv'
[8.894s] INFO:colcon.colcon_core.shell:Creating environment hook '/home/hayashi/map_ros/install/map_point/share/map_point/hook/pythonpath.sh'
[8.895s] Level 1:colcon.colcon_core.environment:checking '/home/hayashi/map_ros/install/map_point/bin'
[8.895s] Level 1:colcon.colcon_core.environment:create_environment_scripts_only(map_point)
[8.932s] INFO:colcon.colcon_core.shell:Creating package script '/home/hayashi/map_ros/install/map_point/share/map_point/package.ps1'
[8.932s] INFO:colcon.colcon_core.shell:Creating package descriptor '/home/hayashi/map_ros/install/map_point/share/map_point/package.dsv'
[8.932s] INFO:colcon.colcon_core.shell:Creating package script '/home/hayashi/map_ros/install/map_point/share/map_point/package.sh'
[8.933s] INFO:colcon.colcon_core.shell:Creating package script '/home/hayashi/map_ros/install/map_point/share/map_point/package.bash'
[8.933s] INFO:colcon.colcon_core.shell:Creating package script '/home/hayashi/map_ros/install/map_point/share/map_point/package.zsh'
[8.933s] Level 1:colcon.colcon_core.environment:create_file_with_runtime_dependencies(/home/hayashi/map_ros/install/map_point/share/colcon-core/packages/map_point)
[8.933s] DEBUG:colcon.colcon_parallel_executor.executor.parallel:closing loop
[8.933s] DEBUG:colcon.colcon_parallel_executor.executor.parallel:loop closed
[8.933s] DEBUG:colcon.colcon_parallel_executor.executor.parallel:run_until_complete finished with '0'
[8.934s] DEBUG:colcon.colcon_core.event_reactor:joining thread
[8.985s] INFO:colcon.colcon_core.plugin_system:Skipping extension 'colcon_notification.desktop_notification.terminal_notifier': Not used on non-Darwin systems
[8.985s] INFO:colcon.colcon_core.plugin_system:Skipping extension 'colcon_notification.desktop_notification.win32': Not used on non-Windows systems
[8.985s] INFO:colcon.colcon_notification.desktop_notification:Sending desktop notification using 'notify2'
[9.002s] DEBUG:colcon.colcon_core.event_reactor:joined thread
[9.043s] INFO:colcon.colcon_core.shell:Creating prefix script '/home/hayashi/map_ros/install/local_setup.ps1'
[9.044s] INFO:colcon.colcon_core.shell:Creating prefix util module '/home/hayashi/map_ros/install/_local_setup_util_ps1.py'
[9.045s] INFO:colcon.colcon_core.shell:Creating prefix chain script '/home/hayashi/map_ros/install/setup.ps1'
[9.086s] INFO:colcon.colcon_core.shell:Creating prefix script '/home/hayashi/map_ros/install/local_setup.sh'
[9.086s] INFO:colcon.colcon_core.shell:Creating prefix util module '/home/hayashi/map_ros/install/_local_setup_util_sh.py'
[9.087s] INFO:colcon.colcon_core.shell:Creating prefix chain script '/home/hayashi/map_ros/install/setup.sh'
[9.125s] INFO:colcon.colcon_core.shell:Creating prefix script '/home/hayashi/map_ros/install/local_setup.bash'
[9.126s] INFO:colcon.colcon_core.shell:Creating prefix chain script '/home/hayashi/map_ros/install/setup.bash'
[9.165s] INFO:colcon.colcon_core.shell:Creating prefix script '/home/hayashi/map_ros/install/local_setup.zsh'
[9.165s] INFO:colcon.colcon_core.shell:Creating prefix chain script '/home/hayashi/map_ros/install/setup.zsh'
