[2.214s] DEBUG:colcon:Command line arguments: ['/usr/bin/colcon', 'build']
[2.214s] DEBUG:colcon:Parsed command line arguments: Namespace(allow_overriding=[], ament_cmake_args=None, base_paths=['.'], build_base='build', catkin_cmake_args=None, catkin_skip_building_tests=False, cmake_args=None, cmake_clean_cache=False, cmake_clean_first=False, cmake_force_configure=False, cmake_target=None, cmake_target_skip_unavailable=False, continue_on_error=False, event_handlers=None, executor='parallel', ignore_user_meta=False, install_base='install', log_base=None, log_level=None, main=<bound method BuildVerb.main of <colcon_core.verb.build.BuildVerb object at 0x7f3068d7a940>>, merge_install=False, metas=['./colcon.meta'], packages_above=None, packages_above_and_dependencies=None, packages_above_depth=None, packages_end=None, packages_ignore=None, packages_ignore_regex=None, packages_select=None, packages_select_build_failed=False, packages_select_by_dep=None, packages_select_regex=None, packages_select_test_failures=False, packages_skip=None, packages_skip_build_finished=False, packages_skip_by_dep=None, packages_skip_regex=None, packages_skip_test_passed=False, packages_skip_up_to=None, packages_start=None, packages_up_to=None, packages_up_to_regex=None, parallel_workers=12, paths=None, symlink_install=False, test_result_base=None, verb_extension=<colcon_core.verb.build.BuildVerb object at 0x7f3068d7a940>, verb_name='build', verb_parser=<colcon_defaults.argument_parser.defaults.DefaultArgumentsDecorator object at 0x7f3068cc0730>)
[2.306s] Level 1:colcon.colcon_core.package_discovery:discover_packages(colcon_meta) check parameters
[2.307s] Level 1:colcon.colcon_core.package_discovery:discover_packages(recursive) check parameters
[2.307s] Level 1:colcon.colcon_core.package_discovery:discover_packages(ignore) check parameters
[2.307s] Level 1:colcon.colcon_core.package_discovery:discover_packages(path) check parameters
[2.307s] Level 1:colcon.colcon_core.package_discovery:discover_packages(colcon_meta) discover
[2.307s] Level 1:colcon.colcon_core.package_discovery:discover_packages(recursive) discover
[2.307s] INFO:colcon.colcon_core.package_discovery:Crawling recursively for packages in '/home/hayashi/map_ros'
[2.307s] Level 1:colcon.colcon_core.package_identification:_identify(.) by extensions ['ignore', 'ignore_ament_install']
[2.307s] Level 1:colcon.colcon_core.package_identification:_identify(.) by extension 'ignore'
[2.307s] Level 1:colcon.colcon_core.package_identification:_identify(.) by extension 'ignore_ament_install'
[2.307s] Level 1:colcon.colcon_core.package_identification:_identify(.) by extensions ['colcon_pkg']
[2.307s] Level 1:colcon.colcon_core.package_identification:_identify(.) by extension 'colcon_pkg'
[2.307s] Level 1:colcon.colcon_core.package_identification:_identify(.) by extensions ['colcon_meta']
[2.307s] Level 1:colcon.colcon_core.package_identification:_identify(.) by extension 'colcon_meta'
[2.307s] Level 1:colcon.colcon_core.package_identification:_identify(.) by extensions ['ros']
[2.307s] Level 1:colcon.colcon_core.package_identification:_identify(.) by extension 'ros'
[2.316s] Level 1:colcon.colcon_core.package_identification:_identify(.) by extensions ['cmake', 'python']
[2.316s] Level 1:colcon.colcon_core.package_identification:_identify(.) by extension 'cmake'
[2.316s] Level 1:colcon.colcon_core.package_identification:_identify(.) by extension 'python'
[2.316s] Level 1:colcon.colcon_core.package_identification:_identify(.) by extensions ['python_setup_py']
[2.316s] Level 1:colcon.colcon_core.package_identification:_identify(.) by extension 'python_setup_py'
[2.316s] Level 1:colcon.colcon_core.package_identification:_identify(build) by extensions ['ignore', 'ignore_ament_install']
[2.316s] Level 1:colcon.colcon_core.package_identification:_identify(build) by extension 'ignore'
[2.316s] Level 1:colcon.colcon_core.package_identification:_identify(build) ignored
[2.316s] Level 1:colcon.colcon_core.package_identification:_identify(install) by extensions ['ignore', 'ignore_ament_install']
[2.316s] Level 1:colcon.colcon_core.package_identification:_identify(install) by extension 'ignore'
[2.316s] Level 1:colcon.colcon_core.package_identification:_identify(install) ignored
[2.317s] Level 1:colcon.colcon_core.package_identification:_identify(log) by extensions ['ignore', 'ignore_ament_install']
[2.317s] Level 1:colcon.colcon_core.package_identification:_identify(log) by extension 'ignore'
[2.317s] Level 1:colcon.colcon_core.package_identification:_identify(log) ignored
[2.317s] Level 1:colcon.colcon_core.package_identification:_identify(src) by extensions ['ignore', 'ignore_ament_install']
[2.317s] Level 1:colcon.colcon_core.package_identification:_identify(src) by extension 'ignore'
[2.317s] Level 1:colcon.colcon_core.package_identification:_identify(src) by extension 'ignore_ament_install'
[2.317s] Level 1:colcon.colcon_core.package_identification:_identify(src) by extensions ['colcon_pkg']
[2.317s] Level 1:colcon.colcon_core.package_identification:_identify(src) by extension 'colcon_pkg'
[2.317s] Level 1:colcon.colcon_core.package_identification:_identify(src) by extensions ['colcon_meta']
[2.317s] Level 1:colcon.colcon_core.package_identification:_identify(src) by extension 'colcon_meta'
[2.317s] Level 1:colcon.colcon_core.package_identification:_identify(src) by extensions ['ros']
[2.317s] Level 1:colcon.colcon_core.package_identification:_identify(src) by extension 'ros'
[2.317s] Level 1:colcon.colcon_core.package_identification:_identify(src) by extensions ['cmake', 'python']
[2.317s] Level 1:colcon.colcon_core.package_identification:_identify(src) by extension 'cmake'
[2.317s] Level 1:colcon.colcon_core.package_identification:_identify(src) by extension 'python'
[2.317s] Level 1:colcon.colcon_core.package_identification:_identify(src) by extensions ['python_setup_py']
[2.317s] Level 1:colcon.colcon_core.package_identification:_identify(src) by extension 'python_setup_py'
[2.317s] Level 1:colcon.colcon_core.package_identification:_identify(src/map_point) by extensions ['ignore', 'ignore_ament_install']
[2.317s] Level 1:colcon.colcon_core.package_identification:_identify(src/map_point) by extension 'ignore'
[2.317s] Level 1:colcon.colcon_core.package_identification:_identify(src/map_point) by extension 'ignore_ament_install'
[2.317s] Level 1:colcon.colcon_core.package_identification:_identify(src/map_point) by extensions ['colcon_pkg']
[2.318s] Level 1:colcon.colcon_core.package_identification:_identify(src/map_point) by extension 'colcon_pkg'
[2.318s] Level 1:colcon.colcon_core.package_identification:_identify(src/map_point) by extensions ['colcon_meta']
[2.318s] Level 1:colcon.colcon_core.package_identification:_identify(src/map_point) by extension 'colcon_meta'
[2.318s] Level 1:colcon.colcon_core.package_identification:_identify(src/map_point) by extensions ['ros']
[2.318s] Level 1:colcon.colcon_core.package_identification:_identify(src/map_point) by extension 'ros'
[2.320s] DEBUG:colcon.colcon_core.package_identification:Package 'src/map_point' with type 'ros.ament_python' and name 'map_point'
[2.320s] Level 1:colcon.colcon_core.package_identification:_identify(src/map_service) by extensions ['ignore', 'ignore_ament_install']
[2.320s] Level 1:colcon.colcon_core.package_identification:_identify(src/map_service) by extension 'ignore'
[2.320s] Level 1:colcon.colcon_core.package_identification:_identify(src/map_service) by extension 'ignore_ament_install'
[2.320s] Level 1:colcon.colcon_core.package_identification:_identify(src/map_service) by extensions ['colcon_pkg']
[2.320s] Level 1:colcon.colcon_core.package_identification:_identify(src/map_service) by extension 'colcon_pkg'
[2.320s] Level 1:colcon.colcon_core.package_identification:_identify(src/map_service) by extensions ['colcon_meta']
[2.320s] Level 1:colcon.colcon_core.package_identification:_identify(src/map_service) by extension 'colcon_meta'
[2.320s] Level 1:colcon.colcon_core.package_identification:_identify(src/map_service) by extensions ['ros']
[2.320s] Level 1:colcon.colcon_core.package_identification:_identify(src/map_service) by extension 'ros'
[2.321s] DEBUG:colcon.colcon_core.package_identification:Package 'src/map_service' with type 'ros.ament_cmake' and name 'map_service'
[2.321s] Level 1:colcon.colcon_core.package_discovery:discover_packages(recursive) using defaults
[2.321s] Level 1:colcon.colcon_core.package_discovery:discover_packages(ignore) discover
[2.321s] Level 1:colcon.colcon_core.package_discovery:discover_packages(ignore) using defaults
[2.321s] Level 1:colcon.colcon_core.package_discovery:discover_packages(path) discover
[2.321s] Level 1:colcon.colcon_core.package_discovery:discover_packages(path) using defaults
[2.521s] Level 1:colcon.colcon_core.package_discovery:discover_packages(prefix_path) check parameters
[2.521s] Level 1:colcon.colcon_core.package_discovery:discover_packages(prefix_path) discover
[2.597s] DEBUG:colcon.colcon_installed_package_information.package_discovery:Found 2 installed packages in /home/hayashi/map_ros/install
[2.636s] DEBUG:colcon.colcon_installed_package_information.package_discovery:Found 402 installed packages in /opt/ros/foxy
[2.645s] Level 1:colcon.colcon_core.package_discovery:discover_packages(prefix_path) using defaults
[2.796s] Level 5:colcon.colcon_core.verb:set package 'map_service' build argument 'cmake_args' from command line to 'None'
[2.796s] Level 5:colcon.colcon_core.verb:set package 'map_service' build argument 'cmake_target' from command line to 'None'
[2.796s] Level 5:colcon.colcon_core.verb:set package 'map_service' build argument 'cmake_target_skip_unavailable' from command line to 'False'
[2.796s] Level 5:colcon.colcon_core.verb:set package 'map_service' build argument 'cmake_clean_cache' from command line to 'False'
[2.796s] Level 5:colcon.colcon_core.verb:set package 'map_service' build argument 'cmake_clean_first' from command line to 'False'
[2.796s] Level 5:colcon.colcon_core.verb:set package 'map_service' build argument 'cmake_force_configure' from command line to 'False'
[2.796s] Level 5:colcon.colcon_core.verb:set package 'map_service' build argument 'ament_cmake_args' from command line to 'None'
[2.796s] Level 5:colcon.colcon_core.verb:set package 'map_service' build argument 'catkin_cmake_args' from command line to 'None'
[2.796s] Level 5:colcon.colcon_core.verb:set package 'map_service' build argument 'catkin_skip_building_tests' from command line to 'False'
[2.796s] DEBUG:colcon.colcon_core.verb:Building package 'map_service' with the following arguments: {'ament_cmake_args': None, 'build_base': '/home/hayashi/map_ros/build/map_service', 'catkin_cmake_args': None, 'catkin_skip_building_tests': False, 'cmake_args': None, 'cmake_clean_cache': False, 'cmake_clean_first': False, 'cmake_force_configure': False, 'cmake_target': None, 'cmake_target_skip_unavailable': False, 'install_base': '/home/hayashi/map_ros/install/map_service', 'merge_install': False, 'path': '/home/hayashi/map_ros/src/map_service', 'symlink_install': False, 'test_result_base': None}
[2.836s] Level 5:colcon.colcon_core.verb:set package 'map_point' build argument 'cmake_args' from command line to 'None'
[2.836s] Level 5:colcon.colcon_core.verb:set package 'map_point' build argument 'cmake_target' from command line to 'None'
[2.836s] Level 5:colcon.colcon_core.verb:set package 'map_point' build argument 'cmake_target_skip_unavailable' from command line to 'False'
[2.836s] Level 5:colcon.colcon_core.verb:set package 'map_point' build argument 'cmake_clean_cache' from command line to 'False'
[2.836s] Level 5:colcon.colcon_core.verb:set package 'map_point' build argument 'cmake_clean_first' from command line to 'False'
[2.836s] Level 5:colcon.colcon_core.verb:set package 'map_point' build argument 'cmake_force_configure' from command line to 'False'
[2.836s] Level 5:colcon.colcon_core.verb:set package 'map_point' build argument 'ament_cmake_args' from command line to 'None'
[2.836s] Level 5:colcon.colcon_core.verb:set package 'map_point' build argument 'catkin_cmake_args' from command line to 'None'
[2.836s] Level 5:colcon.colcon_core.verb:set package 'map_point' build argument 'catkin_skip_building_tests' from command line to 'False'
[2.836s] DEBUG:colcon.colcon_core.verb:Building package 'map_point' with the following arguments: {'ament_cmake_args': None, 'build_base': '/home/hayashi/map_ros/build/map_point', 'catkin_cmake_args': None, 'catkin_skip_building_tests': False, 'cmake_args': None, 'cmake_clean_cache': False, 'cmake_clean_first': False, 'cmake_force_configure': False, 'cmake_target': None, 'cmake_target_skip_unavailable': False, 'install_base': '/home/hayashi/map_ros/install/map_point', 'merge_install': False, 'path': '/home/hayashi/map_ros/src/map_point', 'symlink_install': False, 'test_result_base': None}
[2.874s] INFO:colcon.colcon_core.executor:Executing jobs using 'parallel' executor
[2.912s] DEBUG:colcon.colcon_parallel_executor.executor.parallel:run_until_complete
[2.912s] INFO:colcon.colcon_ros.task.ament_cmake.build:Building ROS package in '/home/hayashi/map_ros/src/map_service' with build type 'ament_cmake'
[2.912s] INFO:colcon.colcon_cmake.task.cmake.build:Building CMake package in '/home/hayashi/map_ros/src/map_service'
[2.953s] INFO:colcon.colcon_core.plugin_system:Skipping extension 'colcon_core.shell.bat': Not used on non-Windows systems
[2.953s] INFO:colcon.colcon_core.shell:Skip shell extension 'powershell' for command environment: Not usable outside of PowerShell
[2.953s] DEBUG:colcon.colcon_core.shell:Skip shell extension 'dsv' for command environment
[3.088s] DEBUG:colcon.colcon_core.event_handler.log_command:Invoking command in '/home/hayashi/map_ros/build/map_service': CMAKE_PREFIX_PATH=${CMAKE_PREFIX_PATH}:/home/hayashi/map_ros/install/map_point:/opt/ros/foxy /usr/bin/cmake --build /home/hayashi/map_ros/build/map_service -- -j12 -l12
[3.252s] DEBUG:colcon.colcon_core.event_handler.log_command:Invoked command in '/home/hayashi/map_ros/build/map_service' returned '0': CMAKE_PREFIX_PATH=${CMAKE_PREFIX_PATH}:/home/hayashi/map_ros/install/map_point:/opt/ros/foxy /usr/bin/cmake --build /home/hayashi/map_ros/build/map_service -- -j12 -l12
[3.293s] DEBUG:colcon.colcon_core.event_handler.log_command:Invoking command in '/home/hayashi/map_ros/build/map_service': CMAKE_PREFIX_PATH=${CMAKE_PREFIX_PATH}:/home/hayashi/map_ros/install/map_point:/opt/ros/foxy /usr/bin/cmake --install /home/hayashi/map_ros/build/map_service
[3.333s] Level 1:colcon.colcon_core.environment:create_environment_scripts_only(map_service)
[3.334s] DEBUG:colcon.colcon_core.event_handler.log_command:Invoked command in '/home/hayashi/map_ros/build/map_service' returned '0': CMAKE_PREFIX_PATH=${CMAKE_PREFIX_PATH}:/home/hayashi/map_ros/install/map_point:/opt/ros/foxy /usr/bin/cmake --install /home/hayashi/map_ros/build/map_service
[3.374s] Level 1:colcon.colcon_core.environment:checking '/home/hayashi/map_ros/install/map_service' for CMake module files
[3.375s] Level 1:colcon.colcon_core.environment:checking '/home/hayashi/map_ros/install/map_service' for CMake config files
[3.375s] Level 1:colcon.colcon_core.shell:create_environment_hook('map_service', 'cmake_prefix_path')
[3.414s] INFO:colcon.colcon_core.shell:Creating environment hook '/home/hayashi/map_ros/install/map_service/share/map_service/hook/cmake_prefix_path.ps1'
[3.415s] INFO:colcon.colcon_core.shell:Creating environment descriptor '/home/hayashi/map_ros/install/map_service/share/map_service/hook/cmake_prefix_path.dsv'
[3.415s] INFO:colcon.colcon_core.shell:Creating environment hook '/home/hayashi/map_ros/install/map_service/share/map_service/hook/cmake_prefix_path.sh'
[3.416s] Level 1:colcon.colcon_core.environment:checking '/home/hayashi/map_ros/install/map_service/lib'
[3.416s] Level 1:colcon.colcon_core.shell:create_environment_hook('map_service', 'ld_library_path_lib')
[3.455s] INFO:colcon.colcon_core.shell:Creating environment hook '/home/hayashi/map_ros/install/map_service/share/map_service/hook/ld_library_path_lib.ps1'
[3.455s] INFO:colcon.colcon_core.shell:Creating environment descriptor '/home/hayashi/map_ros/install/map_service/share/map_service/hook/ld_library_path_lib.dsv'
[3.455s] INFO:colcon.colcon_core.shell:Creating environment hook '/home/hayashi/map_ros/install/map_service/share/map_service/hook/ld_library_path_lib.sh'
[3.455s] Level 1:colcon.colcon_core.environment:checking '/home/hayashi/map_ros/install/map_service/bin'
[3.455s] Level 1:colcon.colcon_core.environment:checking '/home/hayashi/map_ros/install/map_service/lib/pkgconfig/map_service.pc'
[3.456s] Level 1:colcon.colcon_core.environment:checking '/home/hayashi/map_ros/install/map_service/lib/python3.8/site-packages'
[3.456s] Level 1:colcon.colcon_core.shell:create_environment_hook('map_service', 'pythonpath')
[3.494s] INFO:colcon.colcon_core.shell:Creating environment hook '/home/hayashi/map_ros/install/map_service/share/map_service/hook/pythonpath.ps1'
[3.495s] INFO:colcon.colcon_core.shell:Creating environment descriptor '/home/hayashi/map_ros/install/map_service/share/map_service/hook/pythonpath.dsv'
[3.495s] INFO:colcon.colcon_core.shell:Creating environment hook '/home/hayashi/map_ros/install/map_service/share/map_service/hook/pythonpath.sh'
[3.495s] Level 1:colcon.colcon_core.environment:checking '/home/hayashi/map_ros/install/map_service/bin'
[3.534s] INFO:colcon.colcon_core.shell:Creating package script '/home/hayashi/map_ros/install/map_service/share/map_service/package.ps1'
[3.535s] INFO:colcon.colcon_core.shell:Creating package descriptor '/home/hayashi/map_ros/install/map_service/share/map_service/package.dsv'
[3.535s] INFO:colcon.colcon_core.shell:Creating package script '/home/hayashi/map_ros/install/map_service/share/map_service/package.sh'
[3.536s] INFO:colcon.colcon_core.shell:Creating package script '/home/hayashi/map_ros/install/map_service/share/map_service/package.bash'
[3.537s] INFO:colcon.colcon_core.shell:Creating package script '/home/hayashi/map_ros/install/map_service/share/map_service/package.zsh'
[3.537s] Level 1:colcon.colcon_core.environment:create_file_with_runtime_dependencies(/home/hayashi/map_ros/install/map_service/share/colcon-core/packages/map_service)
[3.608s] Level 1:colcon.colcon_core.environment:create_environment_scripts_only(map_service)
[3.647s] Level 1:colcon.colcon_core.environment:checking '/home/hayashi/map_ros/install/map_service' for CMake module files
[3.647s] Level 1:colcon.colcon_core.environment:checking '/home/hayashi/map_ros/install/map_service' for CMake config files
[3.648s] Level 1:colcon.colcon_core.shell:create_environment_hook('map_service', 'cmake_prefix_path')
[3.686s] INFO:colcon.colcon_core.shell:Creating environment hook '/home/hayashi/map_ros/install/map_service/share/map_service/hook/cmake_prefix_path.ps1'
[3.687s] INFO:colcon.colcon_core.shell:Creating environment descriptor '/home/hayashi/map_ros/install/map_service/share/map_service/hook/cmake_prefix_path.dsv'
[3.687s] INFO:colcon.colcon_core.shell:Creating environment hook '/home/hayashi/map_ros/install/map_service/share/map_service/hook/cmake_prefix_path.sh'
[3.688s] Level 1:colcon.colcon_core.environment:checking '/home/hayashi/map_ros/install/map_service/lib'
[3.688s] Level 1:colcon.colcon_core.shell:create_environment_hook('map_service', 'ld_library_path_lib')
[3.727s] INFO:colcon.colcon_core.shell:Creating environment hook '/home/hayashi/map_ros/install/map_service/share/map_service/hook/ld_library_path_lib.ps1'
[3.727s] INFO:colcon.colcon_core.shell:Creating environment descriptor '/home/hayashi/map_ros/install/map_service/share/map_service/hook/ld_library_path_lib.dsv'
[3.728s] INFO:colcon.colcon_core.shell:Creating environment hook '/home/hayashi/map_ros/install/map_service/share/map_service/hook/ld_library_path_lib.sh'
[3.728s] Level 1:colcon.colcon_core.environment:checking '/home/hayashi/map_ros/install/map_service/bin'
[3.728s] Level 1:colcon.colcon_core.environment:checking '/home/hayashi/map_ros/install/map_service/lib/pkgconfig/map_service.pc'
[3.728s] Level 1:colcon.colcon_core.environment:checking '/home/hayashi/map_ros/install/map_service/lib/python3.8/site-packages'
[3.728s] Level 1:colcon.colcon_core.shell:create_environment_hook('map_service', 'pythonpath')
[3.767s] INFO:colcon.colcon_core.shell:Creating environment hook '/home/hayashi/map_ros/install/map_service/share/map_service/hook/pythonpath.ps1'
[3.768s] INFO:colcon.colcon_core.shell:Creating environment descriptor '/home/hayashi/map_ros/install/map_service/share/map_service/hook/pythonpath.dsv'
[3.768s] INFO:colcon.colcon_core.shell:Creating environment hook '/home/hayashi/map_ros/install/map_service/share/map_service/hook/pythonpath.sh'
[3.768s] Level 1:colcon.colcon_core.environment:checking '/home/hayashi/map_ros/install/map_service/bin'
[3.808s] INFO:colcon.colcon_core.shell:Creating package script '/home/hayashi/map_ros/install/map_service/share/map_service/package.ps1'
[3.809s] INFO:colcon.colcon_core.shell:Creating package descriptor '/home/hayashi/map_ros/install/map_service/share/map_service/package.dsv'
[3.809s] INFO:colcon.colcon_core.shell:Creating package script '/home/hayashi/map_ros/install/map_service/share/map_service/package.sh'
[3.809s] INFO:colcon.colcon_core.shell:Creating package script '/home/hayashi/map_ros/install/map_service/share/map_service/package.bash'
[3.810s] INFO:colcon.colcon_core.shell:Creating package script '/home/hayashi/map_ros/install/map_service/share/map_service/package.zsh'
[3.810s] Level 1:colcon.colcon_core.environment:create_file_with_runtime_dependencies(/home/hayashi/map_ros/install/map_service/share/colcon-core/packages/map_service)
[3.810s] INFO:colcon.colcon_ros.task.ament_python.build:Building ROS package in '/home/hayashi/map_ros/src/map_point' with build type 'ament_python'
[3.810s] Level 1:colcon.colcon_core.shell:create_environment_hook('map_point', 'ament_prefix_path')
[3.850s] INFO:colcon.colcon_core.shell:Creating environment hook '/home/hayashi/map_ros/install/map_point/share/map_point/hook/ament_prefix_path.ps1'
[3.850s] INFO:colcon.colcon_core.shell:Creating environment descriptor '/home/hayashi/map_ros/install/map_point/share/map_point/hook/ament_prefix_path.dsv'
[3.850s] INFO:colcon.colcon_core.shell:Creating environment hook '/home/hayashi/map_ros/install/map_point/share/map_point/hook/ament_prefix_path.sh'
[3.889s] INFO:colcon.colcon_core.shell:Skip shell extension 'powershell' for command environment: Not usable outside of PowerShell
[3.889s] DEBUG:colcon.colcon_core.shell:Skip shell extension 'dsv' for command environment
[4.241s] INFO:colcon.colcon_core.task.python.build:Building Python package in '/home/hayashi/map_ros/src/map_point'
[4.311s] INFO:colcon.colcon_core.shell:Skip shell extension 'powershell' for command environment: Not usable outside of PowerShell
[4.311s] DEBUG:colcon.colcon_core.shell:Skip shell extension 'dsv' for command environment
[4.839s] DEBUG:colcon.colcon_core.event_handler.log_command:Invoking command in '/home/hayashi/map_ros/src/map_point': PYTHONPATH=/home/hayashi/map_ros/build/map_point/prefix_override:/home/hayashi/map_ros/install/map_point/lib/python3.8/site-packages:/home/hayashi/map_ros/install/map_service/lib/python3.8/site-packages:/home/hayashi/map_ros/install/map_point/lib/python3.8/site-packages:/opt/ros/foxy/lib/python3.8/site-packages /usr/bin/python3 setup.py egg_info --egg-base ../../build/map_point build --build-base /home/hayashi/map_ros/build/map_point/build install --record /home/hayashi/map_ros/build/map_point/install.log --install-scripts $base/lib/map_point --single-version-externally-managed
[5.089s] DEBUG:colcon.colcon_core.event_handler.log_command:Invoked command in '/home/hayashi/map_ros/src/map_point' returned '0': PYTHONPATH=/home/hayashi/map_ros/build/map_point/prefix_override:/home/hayashi/map_ros/install/map_point/lib/python3.8/site-packages:/home/hayashi/map_ros/install/map_service/lib/python3.8/site-packages:/home/hayashi/map_ros/install/map_point/lib/python3.8/site-packages:/opt/ros/foxy/lib/python3.8/site-packages /usr/bin/python3 setup.py egg_info --egg-base ../../build/map_point build --build-base /home/hayashi/map_ros/build/map_point/build install --record /home/hayashi/map_ros/build/map_point/install.log --install-scripts $base/lib/map_point --single-version-externally-managed
[5.128s] Level 1:colcon.colcon_core.environment:checking '/home/hayashi/map_ros/install/map_point' for CMake module files
[5.128s] Level 1:colcon.colcon_core.environment:checking '/home/hayashi/map_ros/install/map_point' for CMake config files
[5.129s] Level 1:colcon.colcon_core.environment:checking '/home/hayashi/map_ros/install/map_point/lib'
[5.129s] Level 1:colcon.colcon_core.environment:checking '/home/hayashi/map_ros/install/map_point/bin'
[5.129s] Level 1:colcon.colcon_core.environment:checking '/home/hayashi/map_ros/install/map_point/lib/pkgconfig/map_point.pc'
[5.129s] Level 1:colcon.colcon_core.environment:checking '/home/hayashi/map_ros/install/map_point/lib/python3.8/site-packages'
[5.129s] Level 1:colcon.colcon_core.shell:create_environment_hook('map_point', 'pythonpath')
[5.168s] INFO:colcon.colcon_core.shell:Creating environment hook '/home/hayashi/map_ros/install/map_point/share/map_point/hook/pythonpath.ps1'
[5.168s] INFO:colcon.colcon_core.shell:Creating environment descriptor '/home/hayashi/map_ros/install/map_point/share/map_point/hook/pythonpath.dsv'
[5.168s] INFO:colcon.colcon_core.shell:Creating environment hook '/home/hayashi/map_ros/install/map_point/share/map_point/hook/pythonpath.sh'
[5.169s] Level 1:colcon.colcon_core.environment:checking '/home/hayashi/map_ros/install/map_point/bin'
[5.169s] Level 1:colcon.colcon_core.environment:create_environment_scripts_only(map_point)
[5.207s] INFO:colcon.colcon_core.shell:Creating package script '/home/hayashi/map_ros/install/map_point/share/map_point/package.ps1'
[5.208s] INFO:colcon.colcon_core.shell:Creating package descriptor '/home/hayashi/map_ros/install/map_point/share/map_point/package.dsv'
[5.208s] INFO:colcon.colcon_core.shell:Creating package script '/home/hayashi/map_ros/install/map_point/share/map_point/package.sh'
[5.208s] INFO:colcon.colcon_core.shell:Creating package script '/home/hayashi/map_ros/install/map_point/share/map_point/package.bash'
[5.208s] INFO:colcon.colcon_core.shell:Creating package script '/home/hayashi/map_ros/install/map_point/share/map_point/package.zsh'
[5.209s] Level 1:colcon.colcon_core.environment:create_file_with_runtime_dependencies(/home/hayashi/map_ros/install/map_point/share/colcon-core/packages/map_point)
[5.209s] DEBUG:colcon.colcon_parallel_executor.executor.parallel:closing loop
[5.209s] DEBUG:colcon.colcon_parallel_executor.executor.parallel:loop closed
[5.209s] DEBUG:colcon.colcon_parallel_executor.executor.parallel:run_until_complete finished with '0'
[5.209s] DEBUG:colcon.colcon_core.event_reactor:joining thread
[5.254s] INFO:colcon.colcon_core.plugin_system:Skipping extension 'colcon_notification.desktop_notification.terminal_notifier': Not used on non-Darwin systems
[5.254s] INFO:colcon.colcon_core.plugin_system:Skipping extension 'colcon_notification.desktop_notification.win32': Not used on non-Windows systems
[5.254s] INFO:colcon.colcon_notification.desktop_notification:Sending desktop notification using 'notify2'
[5.265s] DEBUG:colcon.colcon_core.event_reactor:joined thread
[5.316s] INFO:colcon.colcon_core.shell:Creating prefix script '/home/hayashi/map_ros/install/local_setup.ps1'
[5.317s] INFO:colcon.colcon_core.shell:Creating prefix util module '/home/hayashi/map_ros/install/_local_setup_util_ps1.py'
[5.318s] INFO:colcon.colcon_core.shell:Creating prefix chain script '/home/hayashi/map_ros/install/setup.ps1'
[5.357s] INFO:colcon.colcon_core.shell:Creating prefix script '/home/hayashi/map_ros/install/local_setup.sh'
[5.358s] INFO:colcon.colcon_core.shell:Creating prefix util module '/home/hayashi/map_ros/install/_local_setup_util_sh.py'
[5.358s] INFO:colcon.colcon_core.shell:Creating prefix chain script '/home/hayashi/map_ros/install/setup.sh'
[5.399s] INFO:colcon.colcon_core.shell:Creating prefix script '/home/hayashi/map_ros/install/local_setup.bash'
[5.399s] INFO:colcon.colcon_core.shell:Creating prefix chain script '/home/hayashi/map_ros/install/setup.bash'
[5.439s] INFO:colcon.colcon_core.shell:Creating prefix script '/home/hayashi/map_ros/install/local_setup.zsh'
[5.439s] INFO:colcon.colcon_core.shell:Creating prefix chain script '/home/hayashi/map_ros/install/setup.zsh'
