running egg_info
writing ../../build/map_point/map_point.egg-info/PKG-INFO
writing dependency_links to ../../build/map_point/map_point.egg-info/dependency_links.txt
writing entry points to ../../build/map_point/map_point.egg-info/entry_points.txt
writing requirements to ../../build/map_point/map_point.egg-info/requires.txt
writing top-level names to ../../build/map_point/map_point.egg-info/top_level.txt
reading manifest file '../../build/map_point/map_point.egg-info/SOURCES.txt'
writing manifest file '../../build/map_point/map_point.egg-info/SOURCES.txt'
running build
running build_py
copying map_point/point.py -> /home/hayashi/map_ros/build/map_point/build/lib/map_point
running install
running install_lib
copying /home/hayashi/map_ros/build/map_point/build/lib/map_point/point.py -> /home/hayashi/map_ros/install/map_point/lib/python3.8/site-packages/map_point
byte-compiling /home/hayashi/map_ros/install/map_point/lib/python3.8/site-packages/map_point/point.py to point.cpython-38.pyc
running install_data
running install_egg_info
removing '/home/hayashi/map_ros/install/map_point/lib/python3.8/site-packages/map_point-0.0.0-py3.8.egg-info' (and everything under it)
Copying ../../build/map_point/map_point.egg-info to /home/hayashi/map_ros/install/map_point/lib/python3.8/site-packages/map_point-0.0.0-py3.8.egg-info
running install_scripts
Installing service script to /home/hayashi/map_ros/install/map_point/lib/map_point
writing list of installed files to '/home/hayashi/map_ros/build/map_point/install.log'
